This is pdfTeX, Version 3.14159265-2.6-1.40.21 (TeX Live 2020) (preloaded format=pdflatex 2020.5.8)  8 JUL 2022 14:13
entering extended mode
 restricted \write18 enabled.
 %&-line parsing enabled.
**index.tex
(./index.tex
LaTeX2e <2020-02-02> patch level 5
L3 programming layer <2020-05-05> (/usr/local/texlive/2020/texmf-dist/tex/latex
/base/book.cls
Document Class: book 2019/12/20 v1.4l Standard LaTeX document class
(/usr/local/texlive/2020/texmf-dist/tex/latex/base/bk11.clo
File: bk11.clo 2019/12/20 v1.4l Standard LaTeX file (size option)
)
\c@part=\count167
\c@chapter=\count168
\c@section=\count169
\c@subsection=\count170
\c@subsubsection=\count171
\c@paragraph=\count172
\c@subparagraph=\count173
\c@figure=\count174
\c@table=\count175
\abovecaptionskip=\skip47
\belowcaptionskip=\skip48
\bibindent=\dimen134
) (/usr/local/texlive/2020/texmf-dist/tex/latex/amsmath/amsmath.sty
Package: amsmath 2020/01/20 v2.17e AMS math features
\@mathmargin=\skip49
For additional information on amsmath, use the `?' option.
(/usr/local/texlive/2020/texmf-dist/tex/latex/amsmath/amstext.sty
Package: amstext 2000/06/29 v2.01 AMS text
(/usr/local/texlive/2020/texmf-dist/tex/latex/amsmath/amsgen.sty
File: amsgen.sty 1999/11/30 v2.0 generic functions
\@emptytoks=\toks15
\ex@=\dimen135
)) (/usr/local/texlive/2020/texmf-dist/tex/latex/amsmath/amsbsy.sty
Package: amsbsy 1999/11/29 v1.2d Bold Symbols
\pmbraise@=\dimen136
) (/usr/local/texlive/2020/texmf-dist/tex/latex/amsmath/amsopn.sty
Package: amsopn 2016/03/08 v2.02 operator names
)
\inf@bad=\count176
LaTeX Info: Redefining \frac on input line 227.
\uproot@=\count177
\leftroot@=\count178
LaTeX Info: Redefining \overline on input line 389.
\classnum@=\count179
\DOTSCASE@=\count180
LaTeX Info: Redefining \ldots on input line 486.
LaTeX Info: Redefining \dots on input line 489.
LaTeX Info: Redefining \cdots on input line 610.
\Mathstrutbox@=\box45
\strutbox@=\box46
\big@size=\dimen137
LaTeX Font Info:    Redeclaring font encoding OML on input line 733.
LaTeX Font Info:    Redeclaring font encoding OMS on input line 734.
\macc@depth=\count181
\c@MaxMatrixCols=\count182
\dotsspace@=\muskip16
\c@parentequation=\count183
\dspbrk@lvl=\count184
\tag@help=\toks16
\row@=\count185
\column@=\count186
\maxfields@=\count187
\andhelp@=\toks17
\eqnshift@=\dimen138
\alignsep@=\dimen139
\tagshift@=\dimen140
\tagwidth@=\dimen141
\totwidth@=\dimen142
\lineht@=\dimen143
\@envbody=\toks18
\multlinegap=\skip50
\multlinetaggap=\skip51
\mathdisplay@stack=\toks19
LaTeX Info: Redefining \[ on input line 2859.
LaTeX Info: Redefining \] on input line 2860.
) (/usr/local/texlive/2020/texmf-dist/tex/latex/amsfonts/amssymb.sty
Package: amssymb 2013/01/14 v3.01 AMS font symbols
(/usr/local/texlive/2020/texmf-dist/tex/latex/amsfonts/amsfonts.sty
Package: amsfonts 2013/01/14 v3.01 Basic AMSFonts support
\symAMSa=\mathgroup4
\symAMSb=\mathgroup5
LaTeX Font Info:    Redeclaring math symbol \hbar on input line 98.
LaTeX Font Info:    Overwriting math alphabet `\mathfrak' in version `bold'
(Font)                  U/euf/m/n --> U/euf/b/n on input line 106.
)) (/usr/local/texlive/2020/texmf-dist/tex/latex/lm/lmodern.sty
Package: lmodern 2009/10/30 v1.6 Latin Modern Fonts
LaTeX Font Info:    Overwriting symbol font `operators' in version `normal'
(Font)                  OT1/cmr/m/n --> OT1/lmr/m/n on input line 22.
LaTeX Font Info:    Overwriting symbol font `letters' in version `normal'
(Font)                  OML/cmm/m/it --> OML/lmm/m/it on input line 23.
LaTeX Font Info:    Overwriting symbol font `symbols' in version `normal'
(Font)                  OMS/cmsy/m/n --> OMS/lmsy/m/n on input line 24.
LaTeX Font Info:    Overwriting symbol font `largesymbols' in version `normal'
(Font)                  OMX/cmex/m/n --> OMX/lmex/m/n on input line 25.
LaTeX Font Info:    Overwriting symbol font `operators' in version `bold'
(Font)                  OT1/cmr/bx/n --> OT1/lmr/bx/n on input line 26.
LaTeX Font Info:    Overwriting symbol font `letters' in version `bold'
(Font)                  OML/cmm/b/it --> OML/lmm/b/it on input line 27.
LaTeX Font Info:    Overwriting symbol font `symbols' in version `bold'
(Font)                  OMS/cmsy/b/n --> OMS/lmsy/b/n on input line 28.
LaTeX Font Info:    Overwriting symbol font `largesymbols' in version `bold'
(Font)                  OMX/cmex/m/n --> OMX/lmex/m/n on input line 29.
LaTeX Font Info:    Overwriting math alphabet `\mathbf' in version `normal'
(Font)                  OT1/cmr/bx/n --> OT1/lmr/bx/n on input line 31.
LaTeX Font Info:    Overwriting math alphabet `\mathsf' in version `normal'
(Font)                  OT1/cmss/m/n --> OT1/lmss/m/n on input line 32.
LaTeX Font Info:    Overwriting math alphabet `\mathit' in version `normal'
(Font)                  OT1/cmr/m/it --> OT1/lmr/m/it on input line 33.
LaTeX Font Info:    Overwriting math alphabet `\mathtt' in version `normal'
(Font)                  OT1/cmtt/m/n --> OT1/lmtt/m/n on input line 34.
LaTeX Font Info:    Overwriting math alphabet `\mathbf' in version `bold'
(Font)                  OT1/cmr/bx/n --> OT1/lmr/bx/n on input line 35.
LaTeX Font Info:    Overwriting math alphabet `\mathsf' in version `bold'
(Font)                  OT1/cmss/bx/n --> OT1/lmss/bx/n on input line 36.
LaTeX Font Info:    Overwriting math alphabet `\mathit' in version `bold'
(Font)                  OT1/cmr/bx/it --> OT1/lmr/bx/it on input line 37.
LaTeX Font Info:    Overwriting math alphabet `\mathtt' in version `bold'
(Font)                  OT1/cmtt/m/n --> OT1/lmtt/m/n on input line 38.
) (/usr/local/texlive/2020/texmf-dist/tex/generic/iftex/iftex.sty
Package: iftex 2020/03/06 v1.0d TeX engine tests
) (/usr/local/texlive/2020/texmf-dist/tex/latex/base/fontenc.sty
Package: fontenc 2020/02/11 v2.0o Standard LaTeX package
LaTeX Font Info:    Trying to load font information for T1+lmr on input line 11
2.
(/usr/local/texlive/2020/texmf-dist/tex/latex/lm/t1lmr.fd
File: t1lmr.fd 2009/10/30 v1.6 Font defs for Latin Modern
)) (/usr/local/texlive/2020/texmf-dist/tex/latex/base/inputenc.sty
Package: inputenc 2018/08/11 v1.3c Input encoding file
\inpenc@prehook=\toks20
\inpenc@posthook=\toks21
) (/usr/local/texlive/2020/texmf-dist/tex/latex/base/textcomp.sty
Package: textcomp 2020/02/02 v2.0n Standard LaTeX package
) (/usr/local/texlive/2020/texmf-dist/tex/latex/upquote/upquote.sty
Package: upquote 2012/04/19 v1.3 upright-quote and grave-accent glyphs in verba
tim
) (/usr/local/texlive/2020/texmf-dist/tex/latex/microtype/microtype.sty
Package: microtype 2019/11/18 v2.7d Micro-typographical refinements (RS)
(/usr/local/texlive/2020/texmf-dist/tex/latex/graphics/keyval.sty
Package: keyval 2014/10/28 v1.15 key=value parser (DPC)
\KV@toks@=\toks22
)
\MT@toks=\toks23
\MT@count=\count188
LaTeX Info: Redefining \textls on input line 790.
\MT@outer@kern=\dimen144
LaTeX Info: Redefining \textmicrotypecontext on input line 1354.
\MT@listname@count=\count189
(/usr/local/texlive/2020/texmf-dist/tex/latex/microtype/microtype-pdftex.def
File: microtype-pdftex.def 2019/11/18 v2.7d Definitions specific to pdftex (RS)

LaTeX Info: Redefining \lsstyle on input line 914.
LaTeX Info: Redefining \lslig on input line 914.
\MT@outer@space=\skip52
)
Package microtype Info: Loading configuration file microtype.cfg.
(/usr/local/texlive/2020/texmf-dist/tex/latex/microtype/microtype.cfg
File: microtype.cfg 2019/11/18 v2.7d microtype main configuration file (RS)
)) (/usr/local/texlive/2020/texmf-dist/tex/latex/parskip/parskip.sty
Package: parskip 2020-01-22 v2.0d non-zero parskip adjustments
(/usr/local/texlive/2020/texmf-dist/tex/latex/kvoptions/kvoptions.sty
Package: kvoptions 2019/11/29 v3.13 Key value format for package options (HO)
(/usr/local/texlive/2020/texmf-dist/tex/generic/ltxcmds/ltxcmds.sty
Package: ltxcmds 2019/12/15 v1.24 LaTeX kernel commands for general use (HO)
) (/usr/local/texlive/2020/texmf-dist/tex/generic/kvsetkeys/kvsetkeys.sty
Package: kvsetkeys 2019/12/15 v1.18 Key value parser (HO)
)) (/home/lbelzile/texmf/tex/latex/etoolbox/etoolbox.sty
Package: etoolbox 2015/08/02 v2.2a e-TeX tools for LaTeX (JAW)
\etb@tempcnta=\count190

Package etoolbox Warning: Patching '\begin' failed!
(etoolbox)                '\AtBeginEnvironment' will not work.


Package etoolbox Warning: Patching '\end' failed!
(etoolbox)                '\AtEndEnvironment' will not work.


Package etoolbox Warning: Patching '\end' failed!
(etoolbox)                '\AfterEndEnvironment' will not work.

)) (/usr/local/texlive/2020/texmf-dist/tex/latex/xcolor/xcolor.sty
Package: xcolor 2016/05/11 v2.12 LaTeX color extensions (UK)
(/usr/local/texlive/2020/texmf-dist/tex/latex/graphics-cfg/color.cfg
File: color.cfg 2016/01/02 v1.6 sample color configuration
)
Package xcolor Info: Driver file: pdftex.def on input line 225.
(/usr/local/texlive/2020/texmf-dist/tex/latex/graphics-def/pdftex.def
File: pdftex.def 2018/01/08 v1.0l Graphics/color driver for pdftex
)
Package xcolor Info: Model `cmy' substituted by `cmy0' on input line 1348.
Package xcolor Info: Model `hsb' substituted by `rgb' on input line 1352.
Package xcolor Info: Model `RGB' extended on input line 1364.
Package xcolor Info: Model `HTML' substituted by `rgb' on input line 1366.
Package xcolor Info: Model `Hsb' substituted by `hsb' on input line 1367.
Package xcolor Info: Model `tHsb' substituted by `hsb' on input line 1368.
Package xcolor Info: Model `HSB' substituted by `hsb' on input line 1369.
Package xcolor Info: Model `Gray' substituted by `gray' on input line 1370.
Package xcolor Info: Model `wave' substituted by `hsb' on input line 1371.
) (/usr/local/texlive/2020/texmf-dist/tex/latex/fancyvrb/fancyvrb.sty
Package: fancyvrb 2020/05/03 v3.6 verbatim text (tvz,hv)
\FV@CodeLineNo=\count191
\FV@InFile=\read2
\FV@TabBox=\box47
\c@FancyVerbLine=\count192
\FV@StepNumber=\count193
\FV@OutFile=\write3
) (/usr/local/texlive/2020/texmf-dist/tex/latex/framed/framed.sty
Package: framed 2011/10/22 v 0.96: framed or shaded text with page breaks
\OuterFrameSep=\skip53
\fb@frw=\dimen145
\fb@frh=\dimen146
\FrameRule=\dimen147
\FrameSep=\dimen148
) (/usr/local/texlive/2020/texmf-dist/tex/latex/tools/longtable.sty
Package: longtable 2020/01/07 v4.13 Multi-page Table package (DPC)
\LTleft=\skip54
\LTright=\skip55
\LTpre=\skip56
\LTpost=\skip57
\LTchunksize=\count194
\LTcapwidth=\dimen149
\LT@head=\box48
\LT@firsthead=\box49
\LT@foot=\box50
\LT@lastfoot=\box51
\LT@cols=\count195
\LT@rows=\count196
\c@LT@tables=\count197
\c@LT@chunks=\count198
\LT@p@ftn=\toks24
) (/usr/local/texlive/2020/texmf-dist/tex/latex/booktabs/booktabs.sty
Package: booktabs 2020/01/12 v1.61803398 Publication quality tables
\heavyrulewidth=\dimen150
\lightrulewidth=\dimen151
\cmidrulewidth=\dimen152
\belowrulesep=\dimen153
\belowbottomsep=\dimen154
\aboverulesep=\dimen155
\abovetopsep=\dimen156
\cmidrulesep=\dimen157
\cmidrulekern=\dimen158
\defaultaddspace=\dimen159
\@cmidla=\count199
\@cmidlb=\count266
\@aboverulesep=\dimen160
\@belowrulesep=\dimen161
\@thisruleclass=\count267
\@lastruleclass=\count268
\@thisrulewidth=\dimen162
) (/usr/local/texlive/2020/texmf-dist/tex/latex/tools/array.sty
Package: array 2019/08/31 v2.4l Tabular extension package (FMi)
\col@sep=\dimen163
\ar@mcellbox=\box52
\extrarowheight=\dimen164
\NC@list=\toks25
\extratabsurround=\skip58
\backup@length=\skip59
\ar@cellbox=\box53
) (/usr/local/texlive/2020/texmf-dist/tex/latex/tools/calc.sty
Package: calc 2017/05/25 v4.3 Infix arithmetic (KKT,FJ)
\calc@Acount=\count269
\calc@Bcount=\count270
\calc@Adimen=\dimen165
\calc@Bdimen=\dimen166
\calc@Askip=\skip60
\calc@Bskip=\skip61
LaTeX Info: Redefining \setlength on input line 80.
LaTeX Info: Redefining \addtolength on input line 81.
\calc@Ccount=\count271
\calc@Cskip=\skip62
) (/usr/local/texlive/2020/texmf-dist/tex/latex/footnotehyper/footnotehyper.sty
Package: footnotehyper 2019/11/07 v1.1a hyperref aware footnote.sty (JFB)
\FNH@notes=\box54
\FNH@width=\dimen167
) (/usr/local/texlive/2020/texmf-dist/tex/latex/graphics/graphicx.sty
Package: graphicx 2019/11/30 v1.2a Enhanced LaTeX Graphics (DPC,SPQR)
(/usr/local/texlive/2020/texmf-dist/tex/latex/graphics/graphics.sty
Package: graphics 2019/11/30 v1.4a Standard LaTeX Graphics (DPC,SPQR)
(/usr/local/texlive/2020/texmf-dist/tex/latex/graphics/trig.sty
Package: trig 2016/01/03 v1.10 sin cos tan (DPC)
) (/usr/local/texlive/2020/texmf-dist/tex/latex/graphics-cfg/graphics.cfg
File: graphics.cfg 2016/06/04 v1.11 sample graphics configuration
)
Package graphics Info: Driver file: pdftex.def on input line 105.
)
\Gin@req@height=\dimen168
\Gin@req@width=\dimen169
) (/usr/local/texlive/2020/texmf-dist/tex/latex/geometry/geometry.sty
Package: geometry 2020/01/02 v5.9 Page Geometry
(/usr/local/texlive/2020/texmf-dist/tex/generic/iftex/ifvtex.sty
Package: ifvtex 2019/10/25 v1.7 ifvtex legacy package. Use iftex instead.
)
\Gm@cnth=\count272
\Gm@cntv=\count273
\c@Gm@tempcnt=\count274
\Gm@bindingoffset=\dimen170
\Gm@wd@mp=\dimen171
\Gm@odd@mp=\dimen172
\Gm@even@mp=\dimen173
\Gm@layoutwidth=\dimen174
\Gm@layoutheight=\dimen175
\Gm@layouthoffset=\dimen176
\Gm@layoutvoffset=\dimen177
\Gm@dimlist=\toks26
) (/usr/local/texlive/2020/texmf-dist/tex/latex/fourier/fourier.sty
Package: fourier 2020/03/03 2.2 fourier-GUTenberg package
Now handling font encoding FML ...
... no UTF-8 mapping file for font encoding FML
Now handling font encoding FMS ...
... no UTF-8 mapping file for font encoding FMS
Now handling font encoding FMX ...
... no UTF-8 mapping file for font encoding FMX
(/usr/local/texlive/2020/texmf-dist/tex/latex/base/fontenc.sty
Package: fontenc 2020/02/11 v2.0o Standard LaTeX package
LaTeX Font Info:    Trying to load font information for T1+futs on input line 1
12.
(/usr/local/texlive/2020/texmf-dist/tex/latex/fourier/t1futs.fd
File: t1futs.fd 2004/03/02 Fontinst v1.926 font definitions for T1/futs.
)) (/usr/local/texlive/2020/texmf-dist/tex/latex/fourier/fourier-orns.sty
Package: fourier-orns 2020/03/03 2.2 fourier-ornaments package
)
LaTeX Font Info:    Redeclaring symbol font `operators' on input line 63.
LaTeX Font Info:    Encoding `OT1' has changed to `T1' for symbol font
(Font)              `operators' in the math version `normal' on input line 63.
LaTeX Font Info:    Overwriting symbol font `operators' in version `normal'
(Font)                  OT1/lmr/m/n --> T1/futs/m/n on input line 63.
LaTeX Font Info:    Encoding `OT1' has changed to `T1' for symbol font
(Font)              `operators' in the math version `bold' on input line 63.
LaTeX Font Info:    Overwriting symbol font `operators' in version `bold'
(Font)                  OT1/lmr/bx/n --> T1/futs/m/n on input line 63.
LaTeX Font Info:    Overwriting symbol font `operators' in version `bold'
(Font)                  T1/futs/m/n --> T1/futs/b/n on input line 64.
LaTeX Font Info:    Redeclaring symbol font `letters' on input line 72.
LaTeX Font Info:    Encoding `OML' has changed to `FML' for symbol font
(Font)              `letters' in the math version `normal' on input line 72.
LaTeX Font Info:    Overwriting symbol font `letters' in version `normal'
(Font)                  OML/lmm/m/it --> FML/futmi/m/it on input line 72.
LaTeX Font Info:    Encoding `OML' has changed to `FML' for symbol font
(Font)              `letters' in the math version `bold' on input line 72.
LaTeX Font Info:    Overwriting symbol font `letters' in version `bold'
(Font)                  OML/lmm/b/it --> FML/futmi/m/it on input line 72.
\symotherletters=\mathgroup6
LaTeX Font Info:    Overwriting symbol font `letters' in version `bold'
(Font)                  FML/futmi/m/it --> FML/futmi/b/it on input line 74.
LaTeX Font Info:    Overwriting symbol font `otherletters' in version `bold'
(Font)                  FML/futm/m/it --> FML/futm/b/it on input line 75.
LaTeX Font Info:    Redeclaring math symbol \Gamma on input line 76.
LaTeX Font Info:    Redeclaring math symbol \Delta on input line 77.
LaTeX Font Info:    Redeclaring math symbol \Theta on input line 78.
LaTeX Font Info:    Redeclaring math symbol \Lambda on input line 79.
LaTeX Font Info:    Redeclaring math symbol \Xi on input line 80.
LaTeX Font Info:    Redeclaring math symbol \Pi on input line 81.
LaTeX Font Info:    Redeclaring math symbol \Sigma on input line 82.
LaTeX Font Info:    Redeclaring math symbol \Upsilon on input line 83.
LaTeX Font Info:    Redeclaring math symbol \Phi on input line 84.
LaTeX Font Info:    Redeclaring math symbol \Psi on input line 85.
LaTeX Font Info:    Redeclaring math symbol \Omega on input line 86.
LaTeX Font Info:    Redeclaring symbol font `symbols' on input line 126.
LaTeX Font Info:    Encoding `OMS' has changed to `FMS' for symbol font
(Font)              `symbols' in the math version `normal' on input line 126.
LaTeX Font Info:    Overwriting symbol font `symbols' in version `normal'
(Font)                  OMS/lmsy/m/n --> FMS/futm/m/n on input line 126.
LaTeX Font Info:    Encoding `OMS' has changed to `FMS' for symbol font
(Font)              `symbols' in the math version `bold' on input line 126.
LaTeX Font Info:    Overwriting symbol font `symbols' in version `bold'
(Font)                  OMS/lmsy/b/n --> FMS/futm/m/n on input line 126.
LaTeX Font Info:    Redeclaring symbol font `largesymbols' on input line 127.
LaTeX Font Info:    Encoding `OMX' has changed to `FMX' for symbol font
(Font)              `largesymbols' in the math version `normal' on input line 1
27.
LaTeX Font Info:    Overwriting symbol font `largesymbols' in version `normal'
(Font)                  OMX/lmex/m/n --> FMX/futm/m/n on input line 127.
LaTeX Font Info:    Encoding `OMX' has changed to `FMX' for symbol font
(Font)              `largesymbols' in the math version `bold' on input line 127
.
LaTeX Font Info:    Overwriting symbol font `largesymbols' in version `bold'
(Font)                  OMX/lmex/m/n --> FMX/futm/m/n on input line 127.
LaTeX Font Info:    Redeclaring math alphabet \mathbf on input line 128.
LaTeX Font Info:    Overwriting math alphabet `\mathbf' in version `normal'
(Font)                  OT1/lmr/bx/n --> T1/futs/bx/n on input line 128.
LaTeX Font Info:    Overwriting math alphabet `\mathbf' in version `bold'
(Font)                  OT1/lmr/bx/n --> T1/futs/bx/n on input line 128.
LaTeX Font Info:    Redeclaring math alphabet \mathrm on input line 129.
LaTeX Font Info:    Redeclaring math alphabet \mathit on input line 130.
LaTeX Font Info:    Overwriting math alphabet `\mathit' in version `normal'
(Font)                  OT1/lmr/m/it --> T1/futs/m/it on input line 130.
LaTeX Font Info:    Overwriting math alphabet `\mathit' in version `bold'
(Font)                  OT1/lmr/bx/it --> T1/futs/m/it on input line 130.
LaTeX Font Info:    Redeclaring math alphabet \mathcal on input line 131.
LaTeX Font Info:    Redeclaring math symbol \varkappa on input line 132.
LaTeX Font Info:    Redeclaring math symbol \leqslant on input line 138.
LaTeX Font Info:    Redeclaring math symbol \geqslant on input line 139.
LaTeX Font Info:    Redeclaring math symbol \vDash on input line 142.
LaTeX Font Info:    Redeclaring math symbol \blacktriangleleft on input line 14
3.
LaTeX Font Info:    Redeclaring math symbol \blacktriangleright on input line 1
44.
LaTeX Font Info:    Redeclaring math symbol \nleqslant on input line 145.
LaTeX Font Info:    Redeclaring math symbol \ngeqslant on input line 146.
LaTeX Font Info:    Redeclaring math symbol \parallel on input line 147.
LaTeX Font Info:    Redeclaring math symbol \nparallel on input line 148.
LaTeX Font Info:    Redeclaring math symbol \nvDash on input line 150.
LaTeX Font Info:    Redeclaring math symbol \intercal on input line 151.
LaTeX Font Info:    Redeclaring math symbol \hslash on input line 152.
LaTeX Font Info:    Redeclaring math symbol \nexists on input line 153.
LaTeX Font Info:    Redeclaring math symbol \complement on input line 154.
LaTeX Font Info:    Redeclaring math symbol \varsubsetneq on input line 155.
LaTeX Font Info:    Redeclaring math symbol \hbar on input line 161.
LaTeX Font Info:    Redeclaring math symbol \smallsetminus on input line 162.
LaTeX Font Info:    Redeclaring math symbol \subsetneqq on input line 163.
LaTeX Font Info:    Redeclaring math symbol \rightrightarrows on input line 164
.
LaTeX Font Info:    Redeclaring math symbol \leftleftarrows on input line 165.
LaTeX Font Info:    Redeclaring math symbol \square on input line 166.
LaTeX Font Info:    Redeclaring math symbol \curvearrowleft on input line 167.
LaTeX Font Info:    Redeclaring math symbol \curvearrowright on input line 168.

LaTeX Font Info:    Redeclaring math symbol \blacksquare on input line 169.
LaTeX Font Info:    Redeclaring math symbol \varkappa on input line 199.
LaTeX Font Info:    Redeclaring math symbol \varvarrho on input line 200.
LaTeX Font Info:    Redeclaring math delimiter \Vert on input line 223.
LaTeX Font Info:    Redeclaring math delimiter \vert on input line 228.
LaTeX Font Info:    Redeclaring math delimiter \lvert on input line 230.
LaTeX Font Info:    Redeclaring math delimiter \rvert on input line 232.
LaTeX Font Info:    Redeclaring math delimiter \lVert on input line 234.
LaTeX Font Info:    Redeclaring math delimiter \rVert on input line 236.
LaTeX Font Info:    Redeclaring math delimiter \Downarrow on input line 238.
LaTeX Font Info:    Redeclaring math delimiter \backslash on input line 240.
LaTeX Font Info:    Redeclaring math delimiter \rangle on input line 242.
LaTeX Font Info:    Redeclaring math delimiter \langle on input line 244.
LaTeX Font Info:    Redeclaring math delimiter \rbrace on input line 246.
LaTeX Font Info:    Redeclaring math delimiter \lbrace on input line 248.
LaTeX Font Info:    Redeclaring math delimiter \rceil on input line 250.
LaTeX Font Info:    Redeclaring math delimiter \lceil on input line 252.
LaTeX Font Info:    Redeclaring math delimiter \rfloor on input line 254.
LaTeX Font Info:    Redeclaring math delimiter \lfloor on input line 256.
LaTeX Font Info:    Redeclaring math accent \acute on input line 260.
LaTeX Font Info:    Redeclaring math accent \grave on input line 261.
LaTeX Font Info:    Redeclaring math accent \ddot on input line 262.
LaTeX Font Info:    Redeclaring math accent \tilde on input line 263.
LaTeX Font Info:    Redeclaring math accent \bar on input line 264.
LaTeX Font Info:    Redeclaring math accent \breve on input line 265.
LaTeX Font Info:    Redeclaring math accent \check on input line 266.
LaTeX Font Info:    Redeclaring math accent \hat on input line 267.
LaTeX Font Info:    Redeclaring math accent \dot on input line 268.
LaTeX Font Info:    Redeclaring math accent \mathring on input line 269.
\symUfutm=\mathgroup7
) (/usr/local/texlive/2020/texmf-dist/tex/generic/babel/babel.sty
Package: babel 2020/04/28 3.43 The Babel package
(/usr/local/texlive/2020/texmf-dist/tex/generic/babel/babel.def
File: babel.def 2020/04/28 3.43 Babel common definitions
\babel@savecnt=\count275
\U@D=\dimen178
(/usr/local/texlive/2020/texmf-dist/tex/generic/babel/txtbabel.def)
\bbl@readstream=\read3
)
\bbl@dirlevel=\count276
(/usr/local/texlive/2020/texmf-dist/tex/generic/babel-french/french.ldf
Language: french 2020/04/18 v3.5h French support from the babel system
Package babel Info: \l@acadian = using hyphenrules for french
(babel)             (\language28) on input line 91.
Package babel Info: \l@canadien = using hyphenrules for french
(babel)             (\language28) on input line 92.
\FB@nonchar=\count277
Package babel Info: Making : an active character on input line 421.
Package babel Info: Making ; an active character on input line 422.
Package babel Info: Making ! an active character on input line 423.
Package babel Info: Making ? an active character on input line 424.
\FBguill@level=\count278
\FBold@everypar=\toks27
\FB@Mht=\dimen179
\mc@charclass=\count279
\mc@charfam=\count280
\mc@charslot=\count281
\std@mcc=\count282
\dec@mcc=\count283
\c@FBcaption@count=\count284
\listindentFB=\dimen180
\descindentFB=\dimen181
\labelindentFB=\dimen182
\labelwidthFB=\dimen183
\leftmarginFB=\dimen184
\parindentFFN=\dimen185
\FBfnindent=\dimen186
)) (/usr/local/texlive/2020/texmf-dist/tex/latex/carlisle/scalefnt.sty) (/usr/l
ocal/texlive/2020/texmf-dist/tex/latex/tabu/tabu.sty
Package: tabu 2019/01/11 v2.9 - flexible LaTeX tabulars (FC+tabu-fixed)
(/usr/local/texlive/2020/texmf-dist/tex/latex/varwidth/varwidth.sty
Package: varwidth 2009/03/30 ver 0.92;  Variable-width minipages
\@vwid@box=\box55
\sift@deathcycles=\count285
\@vwid@loff=\dimen187
\@vwid@roff=\dimen188
)
\c@taburow=\count286
\tabu@nbcols=\count287
\tabu@cnt=\count288
\tabu@Xcol=\count289
\tabu@alloc=\count290
\tabu@nested=\count291
\tabu@target=\dimen189
\tabu@spreadtarget=\dimen190
\tabu@naturalX=\dimen191
\tabucolX=\dimen192
\tabu@Xsum=\dimen193
\extrarowdepth=\dimen194
\abovetabulinesep=\dimen195
\belowtabulinesep=\dimen196
\tabustrutrule=\dimen197
\tabu@thebody=\toks28
\tabu@footnotes=\toks29
\tabu@box=\box56
\tabu@arstrutbox=\box57
\tabu@hleads=\box58
\tabu@vleads=\box59
\tabu@cellskip=\skip63
) (/usr/local/texlive/2020/texmf-dist/tex/latex/multirow/multirow.sty
Package: multirow 2019/05/31 v2.5 Span multiple rows of a table
\multirow@colwidth=\skip64
\multirow@cntb=\count292
\multirow@dima=\skip65
\bigstrutjot=\dimen198
) (/usr/local/texlive/2020/texmf-dist/tex/latex/wrapfig/wrapfig.sty
\wrapoverhang=\dimen199
\WF@size=\dimen256
\c@WF@wrappedlines=\count293
\WF@box=\box60
\WF@everypar=\toks30
Package: wrapfig 2003/01/31  v 3.6
) (/usr/local/texlive/2020/texmf-dist/tex/latex/float/float.sty
Package: float 2001/11/08 v1.3d Float enhancements (AL)
\c@float@type=\count294
\float@exts=\toks31
\float@box=\box61
\@float@everytoks=\toks32
\@floatcapt=\box62
) (/usr/local/texlive/2020/texmf-dist/tex/latex/colortbl/colortbl.sty
Package: colortbl 2020/01/04 v1.0e Color table columns (DPC)
\everycr=\toks33
\minrowclearance=\skip66
) (/usr/local/texlive/2020/texmf-dist/tex/latex/pdflscape/pdflscape.sty
Package: pdflscape 2019/12/05 v0.12 Display of landscape pages in PDF (HO)
(/usr/local/texlive/2020/texmf-dist/tex/latex/graphics/lscape.sty
Package: lscape 2000/10/22 v3.01 Landscape Pages (DPC)
)
Package pdflscape Info: Auto-detected driver: pdftex on input line 81.
)
(/usr/local/texlive/2020/texmf-dist/tex/latex/threeparttable/threeparttable.sty
Package: threeparttable 2003/06/13  v 3.0
\@tempboxb=\box63
)
(/usr/local/texlive/2020/texmf-dist/tex/latex/threeparttablex/threeparttablex.s
ty
Package: threeparttablex 2013/07/23 v0.3 by daleif
(/usr/local/texlive/2020/texmf-dist/tex/latex/environ/environ.sty
Package: environ 2014/05/04 v0.3 A new way to define environments
(/usr/local/texlive/2020/texmf-dist/tex/latex/trimspaces/trimspaces.sty
Package: trimspaces 2009/09/17 v1.1 Trim spaces around a token list
))
\TPTL@width=\skip67
) (/usr/local/texlive/2020/texmf-dist/tex/generic/ulem/ulem.sty
\UL@box=\box64
\UL@hyphenbox=\box65
\UL@skip=\skip68
\UL@hook=\toks34
\UL@height=\dimen257
\UL@pe=\count295
\UL@pixel=\dimen258
\ULC@box=\box66
Package: ulem 2019/11/18
\ULdepth=\dimen259
) (/usr/local/texlive/2020/texmf-dist/tex/latex/makecell/makecell.sty
Package: makecell 2009/08/03 V0.1e Managing of Tab Column Heads and Cells
\rotheadsize=\dimen260
\c@nlinenum=\count296
\TeXr@lab=\toks35
) (/usr/local/texlive/2020/texmf-dist/tex/latex/caption/caption.sty
Package: caption 2020/01/03 v3.4h Customizing captions (AR)
(/usr/local/texlive/2020/texmf-dist/tex/latex/caption/caption3.sty
Package: caption3 2020/01/03 v1.8h caption3 kernel (AR)
Package caption3 Info: TeX engine: e-TeX on input line 61.
\captionmargin=\dimen261
\captionmargin@=\dimen262
\captionwidth=\dimen263
\caption@tempdima=\dimen264
\caption@indent=\dimen265
\caption@parindent=\dimen266
\caption@hangindent=\dimen267
Package caption Info: Standard document class detected.
)
\c@caption@flags=\count297
\c@continuedfloat=\count298
Package caption Info: float package is loaded.
Package caption Info: longtable package is loaded.
(/usr/local/texlive/2020/texmf-dist/tex/latex/caption/ltcaption.sty
Package: ltcaption 2018/08/26 v1.4a longtable captions (AR)
)
Package caption Info: threeparttable package is loaded.
Package caption Info: wrapfig package is loaded.
) (/usr/local/texlive/2020/texmf-dist/tex/latex/tcolorbox/tcolorbox.sty
Package: tcolorbox 2020/04/28 version 4.30 text color boxes
(/usr/local/texlive/2020/texmf-dist/tex/latex/pgf/basiclayer/pgf.sty (/usr/loca
l/texlive/2020/texmf-dist/tex/latex/pgf/utilities/pgfrcs.sty
(/usr/local/texlive/2020/texmf-dist/tex/generic/pgf/utilities/pgfutil-common.te
x
\pgfutil@everybye=\toks36
\pgfutil@tempdima=\dimen268
\pgfutil@tempdimb=\dimen269

(/usr/local/texlive/2020/texmf-dist/tex/generic/pgf/utilities/pgfutil-common-li
sts.tex))
(/usr/local/texlive/2020/texmf-dist/tex/generic/pgf/utilities/pgfutil-latex.def
\pgfutil@abb=\box67
(/usr/local/texlive/2020/texmf-dist/tex/latex/ms/everyshi.sty
Package: everyshi 2001/05/15 v3.00 EveryShipout Package (MS)
)) (/usr/local/texlive/2020/texmf-dist/tex/generic/pgf/utilities/pgfrcs.code.te
x (/usr/local/texlive/2020/texmf-dist/tex/generic/pgf/pgf.revision.tex)
Package: pgfrcs 2020/01/08 v3.1.5b (3.1.5b)
))
Package: pgf 2020/01/08 v3.1.5b (3.1.5b)
(/usr/local/texlive/2020/texmf-dist/tex/latex/pgf/basiclayer/pgfcore.sty (/usr/
local/texlive/2020/texmf-dist/tex/latex/pgf/systemlayer/pgfsys.sty
(/usr/local/texlive/2020/texmf-dist/tex/generic/pgf/systemlayer/pgfsys.code.tex
Package: pgfsys 2020/01/08 v3.1.5b (3.1.5b)
(/usr/local/texlive/2020/texmf-dist/tex/generic/pgf/utilities/pgfkeys.code.tex
\pgfkeys@pathtoks=\toks37
\pgfkeys@temptoks=\toks38

(/usr/local/texlive/2020/texmf-dist/tex/generic/pgf/utilities/pgfkeysfiltered.c
ode.tex
\pgfkeys@tmptoks=\toks39
))
\pgf@x=\dimen270
\pgf@y=\dimen271
\pgf@xa=\dimen272
\pgf@ya=\dimen273
\pgf@xb=\dimen274
\pgf@yb=\dimen275
\pgf@xc=\dimen276
\pgf@yc=\dimen277
\pgf@xd=\dimen278
\pgf@yd=\dimen279
\w@pgf@writea=\write4
\r@pgf@reada=\read4
\c@pgf@counta=\count299
\c@pgf@countb=\count300
\c@pgf@countc=\count301
\c@pgf@countd=\count302
\t@pgf@toka=\toks40
\t@pgf@tokb=\toks41
\t@pgf@tokc=\toks42
\pgf@sys@id@count=\count303
(/usr/local/texlive/2020/texmf-dist/tex/generic/pgf/systemlayer/pgf.cfg
File: pgf.cfg 2020/01/08 v3.1.5b (3.1.5b)
)
Driver file for pgf: pgfsys-pdftex.def

(/usr/local/texlive/2020/texmf-dist/tex/generic/pgf/systemlayer/pgfsys-pdftex.d
ef
File: pgfsys-pdftex.def 2020/01/08 v3.1.5b (3.1.5b)

(/usr/local/texlive/2020/texmf-dist/tex/generic/pgf/systemlayer/pgfsys-common-p
df.def
File: pgfsys-common-pdf.def 2020/01/08 v3.1.5b (3.1.5b)
)))
(/usr/local/texlive/2020/texmf-dist/tex/generic/pgf/systemlayer/pgfsyssoftpath.
code.tex
File: pgfsyssoftpath.code.tex 2020/01/08 v3.1.5b (3.1.5b)
\pgfsyssoftpath@smallbuffer@items=\count304
\pgfsyssoftpath@bigbuffer@items=\count305
)
(/usr/local/texlive/2020/texmf-dist/tex/generic/pgf/systemlayer/pgfsysprotocol.
code.tex
File: pgfsysprotocol.code.tex 2020/01/08 v3.1.5b (3.1.5b)
))
(/usr/local/texlive/2020/texmf-dist/tex/generic/pgf/basiclayer/pgfcore.code.tex
Package: pgfcore 2020/01/08 v3.1.5b (3.1.5b)
(/usr/local/texlive/2020/texmf-dist/tex/generic/pgf/math/pgfmath.code.tex (/usr
/local/texlive/2020/texmf-dist/tex/generic/pgf/math/pgfmathcalc.code.tex (/usr/
local/texlive/2020/texmf-dist/tex/generic/pgf/math/pgfmathutil.code.tex)
(/usr/local/texlive/2020/texmf-dist/tex/generic/pgf/math/pgfmathparser.code.tex
\pgfmath@dimen=\dimen280
\pgfmath@count=\count306
\pgfmath@box=\box68
\pgfmath@toks=\toks43
\pgfmath@stack@operand=\toks44
\pgfmath@stack@operation=\toks45
)
(/usr/local/texlive/2020/texmf-dist/tex/generic/pgf/math/pgfmathfunctions.code.
tex
(/usr/local/texlive/2020/texmf-dist/tex/generic/pgf/math/pgfmathfunctions.basic
.code.tex)
(/usr/local/texlive/2020/texmf-dist/tex/generic/pgf/math/pgfmathfunctions.trigo
nometric.code.tex)
(/usr/local/texlive/2020/texmf-dist/tex/generic/pgf/math/pgfmathfunctions.rando
m.code.tex)
(/usr/local/texlive/2020/texmf-dist/tex/generic/pgf/math/pgfmathfunctions.compa
rison.code.tex)
(/usr/local/texlive/2020/texmf-dist/tex/generic/pgf/math/pgfmathfunctions.base.
code.tex)
(/usr/local/texlive/2020/texmf-dist/tex/generic/pgf/math/pgfmathfunctions.round
.code.tex)
(/usr/local/texlive/2020/texmf-dist/tex/generic/pgf/math/pgfmathfunctions.misc.
code.tex)
(/usr/local/texlive/2020/texmf-dist/tex/generic/pgf/math/pgfmathfunctions.integ
erarithmetics.code.tex))) (/usr/local/texlive/2020/texmf-dist/tex/generic/pgf/m
ath/pgfmathfloat.code.tex
\c@pgfmathroundto@lastzeros=\count307
)) (/usr/local/texlive/2020/texmf-dist/tex/generic/pgf/math/pgfint.code.tex)
(/usr/local/texlive/2020/texmf-dist/tex/generic/pgf/basiclayer/pgfcorepoints.co
de.tex
File: pgfcorepoints.code.tex 2020/01/08 v3.1.5b (3.1.5b)
\pgf@picminx=\dimen281
\pgf@picmaxx=\dimen282
\pgf@picminy=\dimen283
\pgf@picmaxy=\dimen284
\pgf@pathminx=\dimen285
\pgf@pathmaxx=\dimen286
\pgf@pathminy=\dimen287
\pgf@pathmaxy=\dimen288
\pgf@xx=\dimen289
\pgf@xy=\dimen290
\pgf@yx=\dimen291
\pgf@yy=\dimen292
\pgf@zx=\dimen293
\pgf@zy=\dimen294
)
(/usr/local/texlive/2020/texmf-dist/tex/generic/pgf/basiclayer/pgfcorepathconst
ruct.code.tex
File: pgfcorepathconstruct.code.tex 2020/01/08 v3.1.5b (3.1.5b)
\pgf@path@lastx=\dimen295
\pgf@path@lasty=\dimen296
)
(/usr/local/texlive/2020/texmf-dist/tex/generic/pgf/basiclayer/pgfcorepathusage
.code.tex
File: pgfcorepathusage.code.tex 2020/01/08 v3.1.5b (3.1.5b)
\pgf@shorten@end@additional=\dimen297
\pgf@shorten@start@additional=\dimen298
)
(/usr/local/texlive/2020/texmf-dist/tex/generic/pgf/basiclayer/pgfcorescopes.co
de.tex
File: pgfcorescopes.code.tex 2020/01/08 v3.1.5b (3.1.5b)
\pgfpic=\box69
\pgf@hbox=\box70
\pgf@layerbox@main=\box71
\pgf@picture@serial@count=\count308
)
(/usr/local/texlive/2020/texmf-dist/tex/generic/pgf/basiclayer/pgfcoregraphicst
ate.code.tex
File: pgfcoregraphicstate.code.tex 2020/01/08 v3.1.5b (3.1.5b)
\pgflinewidth=\dimen299
)
(/usr/local/texlive/2020/texmf-dist/tex/generic/pgf/basiclayer/pgfcoretransform
ations.code.tex
File: pgfcoretransformations.code.tex 2020/01/08 v3.1.5b (3.1.5b)
\pgf@pt@x=\dimen300
\pgf@pt@y=\dimen301
\pgf@pt@temp=\dimen302
)
(/usr/local/texlive/2020/texmf-dist/tex/generic/pgf/basiclayer/pgfcorequick.cod
e.tex
File: pgfcorequick.code.tex 2020/01/08 v3.1.5b (3.1.5b)
)
(/usr/local/texlive/2020/texmf-dist/tex/generic/pgf/basiclayer/pgfcoreobjects.c
ode.tex
File: pgfcoreobjects.code.tex 2020/01/08 v3.1.5b (3.1.5b)
)
(/usr/local/texlive/2020/texmf-dist/tex/generic/pgf/basiclayer/pgfcorepathproce
ssing.code.tex
File: pgfcorepathprocessing.code.tex 2020/01/08 v3.1.5b (3.1.5b)
)
(/usr/local/texlive/2020/texmf-dist/tex/generic/pgf/basiclayer/pgfcorearrows.co
de.tex
File: pgfcorearrows.code.tex 2020/01/08 v3.1.5b (3.1.5b)
\pgfarrowsep=\dimen303
)
(/usr/local/texlive/2020/texmf-dist/tex/generic/pgf/basiclayer/pgfcoreshade.cod
e.tex
File: pgfcoreshade.code.tex 2020/01/08 v3.1.5b (3.1.5b)
\pgf@max=\dimen304
\pgf@sys@shading@range@num=\count309
\pgf@shadingcount=\count310
)
(/usr/local/texlive/2020/texmf-dist/tex/generic/pgf/basiclayer/pgfcoreimage.cod
e.tex
File: pgfcoreimage.code.tex 2020/01/08 v3.1.5b (3.1.5b)

(/usr/local/texlive/2020/texmf-dist/tex/generic/pgf/basiclayer/pgfcoreexternal.
code.tex
File: pgfcoreexternal.code.tex 2020/01/08 v3.1.5b (3.1.5b)
\pgfexternal@startupbox=\box72
))
(/usr/local/texlive/2020/texmf-dist/tex/generic/pgf/basiclayer/pgfcorelayers.co
de.tex
File: pgfcorelayers.code.tex 2020/01/08 v3.1.5b (3.1.5b)
)
(/usr/local/texlive/2020/texmf-dist/tex/generic/pgf/basiclayer/pgfcoretranspare
ncy.code.tex
File: pgfcoretransparency.code.tex 2020/01/08 v3.1.5b (3.1.5b)
)
(/usr/local/texlive/2020/texmf-dist/tex/generic/pgf/basiclayer/pgfcorepatterns.
code.tex
File: pgfcorepatterns.code.tex 2020/01/08 v3.1.5b (3.1.5b)
)
(/usr/local/texlive/2020/texmf-dist/tex/generic/pgf/basiclayer/pgfcorerdf.code.
tex
File: pgfcorerdf.code.tex 2020/01/08 v3.1.5b (3.1.5b)
)))
(/usr/local/texlive/2020/texmf-dist/tex/generic/pgf/modules/pgfmoduleshapes.cod
e.tex
File: pgfmoduleshapes.code.tex 2020/01/08 v3.1.5b (3.1.5b)
\pgfnodeparttextbox=\box73
)
(/usr/local/texlive/2020/texmf-dist/tex/generic/pgf/modules/pgfmoduleplot.code.
tex
File: pgfmoduleplot.code.tex 2020/01/08 v3.1.5b (3.1.5b)
)
(/usr/local/texlive/2020/texmf-dist/tex/latex/pgf/compatibility/pgfcomp-version
-0-65.sty
Package: pgfcomp-version-0-65 2020/01/08 v3.1.5b (3.1.5b)
\pgf@nodesepstart=\dimen305
\pgf@nodesepend=\dimen306
)
(/usr/local/texlive/2020/texmf-dist/tex/latex/pgf/compatibility/pgfcomp-version
-1-18.sty
Package: pgfcomp-version-1-18 2020/01/08 v3.1.5b (3.1.5b)
)) (/usr/local/texlive/2020/texmf-dist/tex/latex/tools/verbatim.sty
Package: verbatim 2019/11/10 v1.5r LaTeX2e package for verbatim enhancements
\every@verbatim=\toks46
\verbatim@line=\toks47
\verbatim@in@stream=\read5
)
\tcb@titlebox=\box74
\tcb@upperbox=\box75
\tcb@lowerbox=\box76
\tcb@phantombox=\box77
\c@tcbbreakpart=\count311
\c@tcblayer=\count312
\c@tcolorbox@number=\count313
\tcb@temp=\box78
\tcb@temp=\box79
\tcb@temp=\box80
\tcb@temp=\box81
\tcb@out=\write5
\tcb@record@out=\write6
(/usr/local/texlive/2020/texmf-dist/tex/latex/tcolorbox/tcbraster.code.tex
Library (tcolorbox): 'tcbraster.code.tex' version '4.30'
\c@tcbrastercolumn=\count314
\c@tcbrasterrow=\count315
\c@tcbraster=\count316
) (/usr/local/texlive/2020/texmf-dist/tex/latex/tcolorbox/tcbskins.code.tex
Library (tcolorbox): 'tcbskins.code.tex' version '4.30'
(/usr/local/texlive/2020/texmf-dist/tex/latex/pgf/frontendlayer/tikz.sty (/usr/
local/texlive/2020/texmf-dist/tex/latex/pgf/utilities/pgffor.sty (/usr/local/te
xlive/2020/texmf-dist/tex/latex/pgf/utilities/pgfkeys.sty (/usr/local/texlive/2
020/texmf-dist/tex/generic/pgf/utilities/pgfkeys.code.tex)) (/usr/local/texlive
/2020/texmf-dist/tex/latex/pgf/math/pgfmath.sty (/usr/local/texlive/2020/texmf-
dist/tex/generic/pgf/math/pgfmath.code.tex)) (/usr/local/texlive/2020/texmf-dis
t/tex/generic/pgf/utilities/pgffor.code.tex
Package: pgffor 2020/01/08 v3.1.5b (3.1.5b)
(/usr/local/texlive/2020/texmf-dist/tex/generic/pgf/math/pgfmath.code.tex)
\pgffor@iter=\dimen307
\pgffor@skip=\dimen308
\pgffor@stack=\toks48
\pgffor@toks=\toks49
))
(/usr/local/texlive/2020/texmf-dist/tex/generic/pgf/frontendlayer/tikz/tikz.cod
e.tex
Package: tikz 2020/01/08 v3.1.5b (3.1.5b)

(/usr/local/texlive/2020/texmf-dist/tex/generic/pgf/libraries/pgflibraryplothan
dlers.code.tex
File: pgflibraryplothandlers.code.tex 2020/01/08 v3.1.5b (3.1.5b)
\pgf@plot@mark@count=\count317
\pgfplotmarksize=\dimen309
)
\tikz@lastx=\dimen310
\tikz@lasty=\dimen311
\tikz@lastxsaved=\dimen312
\tikz@lastysaved=\dimen313
\tikz@lastmovetox=\dimen314
\tikz@lastmovetoy=\dimen315
\tikzleveldistance=\dimen316
\tikzsiblingdistance=\dimen317
\tikz@figbox=\box82
\tikz@figbox@bg=\box83
\tikz@tempbox=\box84
\tikz@tempbox@bg=\box85
\tikztreelevel=\count318
\tikznumberofchildren=\count319
\tikznumberofcurrentchild=\count320
\tikz@fig@count=\count321

(/usr/local/texlive/2020/texmf-dist/tex/generic/pgf/modules/pgfmodulematrix.cod
e.tex
File: pgfmodulematrix.code.tex 2020/01/08 v3.1.5b (3.1.5b)
\pgfmatrixcurrentrow=\count322
\pgfmatrixcurrentcolumn=\count323
\pgf@matrix@numberofcolumns=\count324
)
\tikz@expandcount=\count325

(/usr/local/texlive/2020/texmf-dist/tex/generic/pgf/frontendlayer/tikz/librarie
s/tikzlibrarytopaths.code.tex
File: tikzlibrarytopaths.code.tex 2020/01/08 v3.1.5b (3.1.5b)
)))
\tcb@waterbox=\box86

(/usr/local/texlive/2020/texmf-dist/tex/latex/tcolorbox/tcbskinsjigsaw.code.tex
Library (tcolorbox): 'tcbskinsjigsaw.code.tex' version '4.30'
)) (/usr/local/texlive/2020/texmf-dist/tex/latex/tcolorbox/tcbbreakable.code.te
x
Library (tcolorbox): 'tcbbreakable.code.tex' version '4.30'
\tcb@testbox=\box87
\tcb@totalupperbox=\box88
\tcb@totallowerbox=\box89
) (/usr/local/texlive/2020/texmf-dist/tex/latex/tcolorbox/tcbhooks.code.tex
Library (tcolorbox): 'tcbhooks.code.tex' version '4.30'
) (/usr/local/texlive/2020/texmf-dist/tex/latex/tcolorbox/tcbtheorems.code.tex
Library (tcolorbox): 'tcbtheorems.code.tex' version '4.30'
) (/usr/local/texlive/2020/texmf-dist/tex/latex/tcolorbox/tcbfitting.code.tex
Library (tcolorbox): 'tcbfitting.code.tex' version '4.30'
\tcbfitdim=\dimen318
\tcb@lowerfitdim=\dimen319
\tcb@upperfitdim=\dimen320
\tcb@cur@hbadness=\count326
) (/usr/local/texlive/2020/texmf-dist/tex/latex/tcolorbox/tcbxparse.code.tex
Library (tcolorbox): 'tcbxparse.code.tex' version '4.30'
(/usr/local/texlive/2020/texmf-dist/tex/latex/l3packages/xparse/xparse.sty (/us
r/local/texlive/2020/texmf-dist/tex/latex/l3kernel/expl3.sty
Package: expl3 2020-05-05 L3 programming layer (loader) 
(/usr/local/texlive/2020/texmf-dist/tex/latex/l3backend/l3backend-pdfmode.def
File: l3backend-pdfmode.def 2020-05-05 L3 backend support: PDF mode
\l__kernel_color_stack_int=\count327
\l__pdf_internal_box=\box90
))
Package: xparse 2020-03-06 L3 Experimental document command parser
\l__xparse_current_arg_int=\count328
\g__xparse_grabber_int=\count329
\l__xparse_m_args_int=\count330
\l__xparse_v_nesting_int=\count331
))) (/usr/local/texlive/2020/texmf-dist/tex/latex/fontawesome5/fontawesome5.sty
Package: fontawesome5 2020/03/24 v5.13.0 Font Awesome 5
(/usr/local/texlive/2020/texmf-dist/tex/latex/l3packages/l3keys2e/l3keys2e.sty
Package: l3keys2e 2020-03-06 LaTeX2e option processing using LaTeX3 keys
)
(/usr/local/texlive/2020/texmf-dist/tex/latex/fontawesome5/fontawesome5-generic
-helper.sty
Package: fontawesome5-generic-helper 2020/03/24 v5.13.0 non-uTeX helper for fon
tawesome5

(/usr/local/texlive/2020/texmf-dist/tex/latex/fontawesome5/fontawesome5-mapping
.def))) (/usr/local/texlive/2020/texmf-dist/tex/latex/bookmark/bookmark.sty
Package: bookmark 2019/12/03 v1.28 PDF bookmarks (HO)
(/usr/local/texlive/2020/texmf-dist/tex/latex/hyperref/hyperref.sty
Package: hyperref 2020/01/14 v7.00d Hypertext links for LaTeX
(/usr/local/texlive/2020/texmf-dist/tex/latex/pdftexcmds/pdftexcmds.sty
Package: pdftexcmds 2019/11/24 v0.31 Utility functions of pdfTeX for LuaTeX (HO
)
(/usr/local/texlive/2020/texmf-dist/tex/generic/infwarerr/infwarerr.sty
Package: infwarerr 2019/12/03 v1.5 Providing info/warning/error messages (HO)
)
Package pdftexcmds Info: \pdf@primitive is available.
Package pdftexcmds Info: \pdf@ifprimitive is available.
Package pdftexcmds Info: \pdfdraftmode found.
) (/usr/local/texlive/2020/texmf-dist/tex/generic/kvdefinekeys/kvdefinekeys.sty
Package: kvdefinekeys 2019-12-19 v1.6 Define keys (HO)
) (/usr/local/texlive/2020/texmf-dist/tex/generic/pdfescape/pdfescape.sty
Package: pdfescape 2019/12/09 v1.15 Implements pdfTeX's escape features (HO)
) (/usr/local/texlive/2020/texmf-dist/tex/latex/hycolor/hycolor.sty
Package: hycolor 2020-01-27 v1.10 Color options for hyperref/bookmark (HO)
) (/usr/local/texlive/2020/texmf-dist/tex/latex/letltxmacro/letltxmacro.sty
Package: letltxmacro 2019/12/03 v1.6 Let assignment for LaTeX macros (HO)
) (/usr/local/texlive/2020/texmf-dist/tex/latex/auxhook/auxhook.sty
Package: auxhook 2019-12-17 v1.6 Hooks for auxiliary files (HO)
)
\@linkdim=\dimen321
\Hy@linkcounter=\count332
\Hy@pagecounter=\count333
(/usr/local/texlive/2020/texmf-dist/tex/latex/hyperref/pd1enc.def
File: pd1enc.def 2020/01/14 v7.00d Hyperref: PDFDocEncoding definition (HO)
Now handling font encoding PD1 ...
... no UTF-8 mapping file for font encoding PD1
) (/usr/local/texlive/2020/texmf-dist/tex/generic/intcalc/intcalc.sty
Package: intcalc 2019/12/15 v1.3 Expandable calculations with integers (HO)
) (/usr/local/texlive/2020/texmf-dist/tex/generic/etexcmds/etexcmds.sty
Package: etexcmds 2019/12/15 v1.7 Avoid name clashes with e-TeX commands (HO)
)
\Hy@SavedSpaceFactor=\count334
Package hyperref Info: Option `unicode' set `true' on input line 4421.
(/usr/local/texlive/2020/texmf-dist/tex/latex/hyperref/puenc.def
File: puenc.def 2020/01/14 v7.00d Hyperref: PDF Unicode definition (HO)
Now handling font encoding PU ...
... no UTF-8 mapping file for font encoding PU
)
Package hyperref Info: Hyper figures OFF on input line 4547.
Package hyperref Info: Link nesting OFF on input line 4552.
Package hyperref Info: Hyper index ON on input line 4555.
Package hyperref Info: Plain pages OFF on input line 4562.
Package hyperref Info: Backreferencing OFF on input line 4567.
Package hyperref Info: Implicit mode ON; LaTeX internals redefined.
Package hyperref Info: Bookmarks ON on input line 4800.
\c@Hy@tempcnt=\count335
(/usr/local/texlive/2020/texmf-dist/tex/latex/url/url.sty
\Urlmuskip=\muskip17
Package: url 2013/09/16  ver 3.4  Verb mode for urls, etc.
)
LaTeX Info: Redefining \url on input line 5159.
\XeTeXLinkMargin=\dimen322
(/usr/local/texlive/2020/texmf-dist/tex/generic/bitset/bitset.sty
Package: bitset 2019/12/09 v1.3 Handle bit-vector datatype (HO)
(/usr/local/texlive/2020/texmf-dist/tex/generic/bigintcalc/bigintcalc.sty
Package: bigintcalc 2019/12/15 v1.5 Expandable calculations on big integers (HO
)
))
\Fld@menulength=\count336
\Field@Width=\dimen323
\Fld@charsize=\dimen324
Package hyperref Info: Hyper figures OFF on input line 6430.
Package hyperref Info: Link nesting OFF on input line 6435.
Package hyperref Info: Hyper index ON on input line 6438.
Package hyperref Info: backreferencing OFF on input line 6445.
Package hyperref Info: Link coloring OFF on input line 6450.
Package hyperref Info: Link coloring with OCG OFF on input line 6455.
Package hyperref Info: PDF/A mode OFF on input line 6460.
LaTeX Info: Redefining \ref on input line 6500.
LaTeX Info: Redefining \pageref on input line 6504.
(/usr/local/texlive/2020/texmf-dist/tex/generic/atbegshi/atbegshi.sty
Package: atbegshi 2019/12/05 v1.19 At begin shipout hook (HO)
)
\Hy@abspage=\count337
\c@Item=\count338
\c@Hfootnote=\count339
)
Package hyperref Info: Driver (autodetected): hpdftex.
(/usr/local/texlive/2020/texmf-dist/tex/latex/hyperref/hpdftex.def
File: hpdftex.def 2020/01/14 v7.00d Hyperref driver for pdfTeX
(/usr/local/texlive/2020/texmf-dist/tex/latex/atveryend/atveryend.sty
Package: atveryend 2019-12-11 v1.11 Hooks at the very end of document (HO)
)
\Fld@listcount=\count340
\c@bookmark@seq@number=\count341

(/usr/local/texlive/2020/texmf-dist/tex/latex/rerunfilecheck/rerunfilecheck.sty
Package: rerunfilecheck 2019/12/05 v1.9 Rerun checks for auxiliary files (HO)

(/usr/local/texlive/2020/texmf-dist/tex/generic/uniquecounter/uniquecounter.sty
Package: uniquecounter 2019/12/15 v1.4 Provide unlimited unique counter (HO)
)
Package uniquecounter Info: New unique counter `rerunfilecheck' on input line 2
86.
)
\Hy@SectionHShift=\skip69
) (/usr/local/texlive/2020/texmf-dist/tex/latex/bookmark/bkm-pdftex.def
File: bkm-pdftex.def 2019/12/03 v1.28 bookmark driver for pdfTeX (HO)
\BKM@id=\count342
))
\@float@every@codelisting=\toks50
\c@codelisting=\count343
(/usr/local/texlive/2020/texmf-dist/tex/latex/amscls/amsthm.sty
Package: amsthm 2017/10/31 v2.20.4
\thm@style=\toks51
\thm@bodyfont=\toks52
\thm@headfont=\toks53
\thm@notefont=\toks54
\thm@headpunct=\toks55
\thm@preskip=\skip70
\thm@postskip=\skip71
\thm@headsep=\skip72
\dth@everypar=\toks56
)
\c@example=\count344
(/usr/local/texlive/2020/texmf-dist/tex/latex/caption/subcaption.sty
Package: subcaption 2020/01/22 v1.3d Sub-captions (AR)
\c@subfigure=\count345
\c@subtable=\count346
) (/usr/local/texlive/2020/texmf-dist/tex/latex/xurl/xurl.sty
Package: xurl 2020/01/24 v 0.09 modify URL breaks
)
No file index.aux.
\openout1 = `index.aux'.

LaTeX Font Info:    Checking defaults for OML/cmm/m/it on input line 262.
LaTeX Font Info:    ... okay on input line 262.
LaTeX Font Info:    Checking defaults for OMS/cmsy/m/n on input line 262.
LaTeX Font Info:    ... okay on input line 262.
LaTeX Font Info:    Checking defaults for OT1/cmr/m/n on input line 262.
LaTeX Font Info:    ... okay on input line 262.
LaTeX Font Info:    Checking defaults for T1/cmr/m/n on input line 262.
LaTeX Font Info:    ... okay on input line 262.
LaTeX Font Info:    Checking defaults for TS1/cmr/m/n on input line 262.
LaTeX Font Info:    ... okay on input line 262.
LaTeX Font Info:    Checking defaults for OMX/cmex/m/n on input line 262.
LaTeX Font Info:    ... okay on input line 262.
LaTeX Font Info:    Checking defaults for U/cmr/m/n on input line 262.
LaTeX Font Info:    ... okay on input line 262.
LaTeX Font Info:    Checking defaults for FML/futm/m/it on input line 262.
LaTeX Font Info:    Trying to load font information for FML+futm on input line 
262.
(/usr/local/texlive/2020/texmf-dist/tex/latex/fourier/fmlfutm.fd
File: fmlfutm.fd 2004/10/30 Fontinst v1.926 font definitions for FML/futm.
)
LaTeX Font Info:    ... okay on input line 262.
LaTeX Font Info:    Checking defaults for FMS/futm/m/n on input line 262.
LaTeX Font Info:    Trying to load font information for FMS+futm on input line 
262.
(/usr/local/texlive/2020/texmf-dist/tex/latex/fourier/fmsfutm.fd
File: fmsfutm.fd 2004/10/30 Fontinst v1.926 font definitions for FMS/futm.
)
LaTeX Font Info:    ... okay on input line 262.
LaTeX Font Info:    Checking defaults for FMX/futm/m/n on input line 262.
LaTeX Font Info:    Trying to load font information for FMX+futm on input line 
262.
(/usr/local/texlive/2020/texmf-dist/tex/latex/fourier/fmxfutm.fd
File: fmxfutm.fd futm-extension
)
LaTeX Font Info:    ... okay on input line 262.
LaTeX Font Info:    Checking defaults for PD1/pdf/m/n on input line 262.
LaTeX Font Info:    ... okay on input line 262.
LaTeX Font Info:    Checking defaults for PU/pdf/m/n on input line 262.
LaTeX Font Info:    ... okay on input line 262.
LaTeX Info: Redefining \microtypecontext on input line 262.
Package microtype Info: Generating PDF output.
Package microtype Info: Character protrusion enabled (level 2).
Package microtype Info: Using protrusion set `basicmath'.
Package microtype Info: Automatic font expansion enabled (level 2),
(microtype)             stretch: 20, shrink: 20, step: 1, non-selected.
Package microtype Info: Using default expansion set `basictext'.
LaTeX Info: Redefining \showhyphens on input line 262.
Package microtype Info: No adjustment of tracking.
Package microtype Info: No adjustment of interword spacing.
Package microtype Info: No adjustment of character kerning.
Package microtype Info: Loading generic protrusion settings for font family
(microtype)             `futs' (encoding: T1).
(microtype)             For optimal results, create family-specific settings.
(microtype)             See the microtype manual for details.
(/usr/local/texlive/2020/texmf-dist/tex/context/base/mkii/supp-pdf.mkii
[Loading MPS to PDF converter (version 2006.09.02).]
\scratchcounter=\count347
\scratchdimen=\dimen325
\scratchbox=\box91
\nofMPsegments=\count348
\nofMParguments=\count349
\everyMPshowfont=\toks57
\MPscratchCnt=\count350
\MPscratchDim=\dimen326
\MPnumerator=\count351
\makeMPintoPDFobject=\count352
\everyMPtoPDFconversion=\toks58
) (/usr/local/texlive/2020/texmf-dist/tex/latex/epstopdf-pkg/epstopdf-base.sty
Package: epstopdf-base 2020-01-24 v2.11 Base part for package epstopdf
Package epstopdf-base Info: Redefining graphics rule for `.eps' on input line 4
85.
(/usr/local/texlive/2020/texmf-dist/tex/latex/latexconfig/epstopdf-sys.cfg
File: epstopdf-sys.cfg 2010/07/13 v1.3 Configuration of (r)epstopdf for TeX Liv
e
))
*geometry* driver: auto-detecting
*geometry* detected driver: pdftex
*geometry* verbose mode - [ preamble ] result:
* driver: pdftex
* paper: letterpaper
* layout: <same size as paper>
* layoutoffset:(h,v)=(0.0pt,0.0pt)
* modes: twoside 
* h-part:(L,W,R)=(86.72377pt, 440.84746pt, 86.72377pt)
* v-part:(T,H,B)=(95.39737pt, 556.47656pt, 143.09605pt)
* \paperwidth=614.295pt
* \paperheight=794.96999pt
* \textwidth=440.84746pt
* \textheight=556.47656pt
* \oddsidemargin=14.45378pt
* \evensidemargin=14.45378pt
* \topmargin=-8.74641pt
* \headheight=12.0pt
* \headsep=19.8738pt
* \topskip=11.0pt
* \footskip=27.46295pt
* \marginparwidth=116.0pt
* \marginparsep=7.0pt
* \columnsep=10.0pt
* \skip\footins=10.0pt plus 4.0pt minus 2.0pt
* \hoffset=0.0pt
* \voffset=0.0pt
* \mag=1000
* \@twocolumnfalse
* \@twosidetrue
* \@mparswitchtrue
* \@reversemarginfalse
* (1in=72.27pt=25.4mm, 1cm=28.453pt)

LaTeX Font Info:    Redeclaring math accent \widehat on input line 262.
LaTeX Font Info:    Redeclaring math accent \widetilde on input line 262.
LaTeX Info: Redefining \degres on input line 262.
LaTeX Info: Redefining \dots on input line 262.
LaTeX Info: Redefining \up on input line 262.
Package caption Info: Begin \AtBeginDocument code.
Package caption Info: hyperref package is loaded.
Package caption Info: End \AtBeginDocument code.
ABD: EveryShipout initializing macros
\AtBeginShipoutBox=\box92
Package hyperref Info: Link coloring OFF on input line 262.
(/usr/local/texlive/2020/texmf-dist/tex/latex/hyperref/nameref.sty
Package: nameref 2019/09/16 v2.46 Cross-referencing by name of section
(/usr/local/texlive/2020/texmf-dist/tex/latex/refcount/refcount.sty
Package: refcount 2019/12/15 v3.6 Data extraction from label references (HO)
)
(/usr/local/texlive/2020/texmf-dist/tex/generic/gettitlestring/gettitlestring.s
ty
Package: gettitlestring 2019/12/15 v1.6 Cleanup title references (HO)
)
\c@section@level=\count353
)
LaTeX Info: Redefining \ref on input line 262.
LaTeX Info: Redefining \pageref on input line 262.
LaTeX Info: Redefining \nameref on input line 262.
LaTeX Font Info:    Trying to load font information for FML+futmi on input line
 265.
(/usr/local/texlive/2020/texmf-dist/tex/latex/fourier/fmlfutmi.fd
File: fmlfutmi.fd 2004/10/30 Fontinst v1.926 font definitions for FML/futmi.
)
LaTeX Font Info:    Font shape `FMX/futm/m/n' will be
(Font)              scaled to size 11.03998pt on input line 265.
LaTeX Font Info:    Font shape `FMX/futm/m/n' will be
(Font)              scaled to size 8.27998pt on input line 265.
LaTeX Font Info:    Font shape `FMX/futm/m/n' will be
(Font)              scaled to size 6.43999pt on input line 265.
LaTeX Font Info:    Trying to load font information for U+msa on input line 265
.
(/usr/local/texlive/2020/texmf-dist/tex/latex/amsfonts/umsa.fd
File: umsa.fd 2013/01/14 v3.01 AMS symbols A
) (/usr/local/texlive/2020/texmf-dist/tex/latex/microtype/mt-msa.cfg
File: mt-msa.cfg 2006/02/04 v1.1 microtype config. file: AMS symbols (a) (RS)
)
LaTeX Font Info:    Trying to load font information for U+msb on input line 265
.
(/usr/local/texlive/2020/texmf-dist/tex/latex/amsfonts/umsb.fd
File: umsb.fd 2013/01/14 v3.01 AMS symbols B
) (/usr/local/texlive/2020/texmf-dist/tex/latex/microtype/mt-msb.cfg
File: mt-msb.cfg 2005/06/01 v1.0 microtype config. file: AMS symbols (b) (RS)
)
LaTeX Font Info:    Font shape `U/futm/m/n' will be
(Font)              scaled to size 11.03998pt on input line 265.
LaTeX Font Info:    Font shape `U/futm/m/n' will be
(Font)              scaled to size 8.27998pt on input line 265.
LaTeX Font Info:    Font shape `U/futm/m/n' will be
(Font)              scaled to size 6.43999pt on input line 265.
[1



{/usr/local/texlive/2020/texmf-var/fonts/map/pdftex/updmap/pdftex.map}] [2

]
\tf@toc=\write7
\openout7 = `index.toc'.

[3] [4

]
Chapitre 1.
LaTeX Font Info:    Font shape `FMX/futm/m/n' will be
(Font)              scaled to size 10.07397pt on input line 285.
LaTeX Font Info:    Font shape `FMX/futm/m/n' will be
(Font)              scaled to size 7.63599pt on input line 285.
LaTeX Font Info:    Font shape `FMX/futm/m/n' will be
(Font)              scaled to size 5.51999pt on input line 285.
LaTeX Font Info:    Font shape `U/futm/m/n' will be
(Font)              scaled to size 10.07397pt on input line 285.
LaTeX Font Info:    Font shape `U/futm/m/n' will be
(Font)              scaled to size 7.63599pt on input line 285.
LaTeX Font Info:    Font shape `U/futm/m/n' will be
(Font)              scaled to size 5.51999pt on input line 285.
[1

] [2] [3] [4]
Chapitre 2.
<./figures/continuous_discrete.png, id=88, 96.36pt x 74.31766pt>
File: ./figures/continuous_discrete.png Graphic file (type png)
<use ./figures/continuous_discrete.png>
Package pdftex.def Info: ./figures/continuous_discrete.png  used on input line 
581.
(pdftex.def)             Requested size: 198.38026pt x 153.00082pt.

Overfull \hbox (4.53352pt too wide) in paragraph at lines 577--582
 [][] 
 []

<./figures/nominal_ordinal_binary.png, id=90, 120.45pt x 73.7154pt>
File: ./figures/nominal_ordinal_binary.png Graphic file (type png)
<use ./figures/nominal_ordinal_binary.png>
Package pdftex.def Info: ./figures/nominal_ordinal_binary.png  used on input li
ne 595.
(pdftex.def)             Requested size: 242.49101pt x 148.40446pt.

Overfull \hbox (4.55684pt too wide) in paragraph at lines 591--596
 [][] 
 []

[5

] [6 <./figures/continuous_discrete.png> <./figures/nominal_ordinal_binary.png>
]
LaTeX Font Info:    Trying to load font information for T1+lmtt on input line 6
79.
(/usr/local/texlive/2020/texmf-dist/tex/latex/lm/t1lmtt.fd
File: t1lmtt.fd 2009/10/30 v1.6 Font defs for Latin Modern
)
<./01-analyseexploratoire_files/figure-pdf/fig-barplotrenfe-1.pdf, id=111, 594.
22pt x 359.3425pt>
File: ./01-analyseexploratoire_files/figure-pdf/fig-barplotrenfe-1.pdf Graphic 
file (type pdf)
<use ./01-analyseexploratoire_files/figure-pdf/fig-barplotrenfe-1.pdf>
Package pdftex.def Info: ./01-analyseexploratoire_files/figure-pdf/fig-barplotr
enfe-1.pdf  used on input line 697.
(pdftex.def)             Requested size: 440.86743pt x 266.60564pt.
[7]
<./01-analyseexploratoire_files/figure-pdf/fig-histrenfe-1.pdf, id=119, 604.257
5pt x 369.38pt>
File: ./01-analyseexploratoire_files/figure-pdf/fig-histrenfe-1.pdf Graphic fil
e (type pdf)
<use ./01-analyseexploratoire_files/figure-pdf/fig-histrenfe-1.pdf>
Package pdftex.def Info: ./01-analyseexploratoire_files/figure-pdf/fig-histrenf
e-1.pdf  used on input line 742.
(pdftex.def)             Requested size: 440.84615pt x 269.48734pt.
[8 <./01-analyseexploratoire_files/figure-pdf/fig-barplotrenfe-1.pdf>]
<./figures/01-intro-boiteamoustache.png, id=132, 424.2249pt x 106.2369pt>
File: ./figures/01-intro-boiteamoustache.png Graphic file (type png)
<use ./figures/01-intro-boiteamoustache.png>
Package pdftex.def Info: ./figures/01-intro-boiteamoustache.png  used on input 
line 774.
(pdftex.def)             Requested size: 440.84686pt x 110.39944pt.

LaTeX Warning: Reference `fig-histboxplot' on page 9 undefined on input line 78
6.

[9 <./01-analyseexploratoire_files/figure-pdf/fig-histrenfe-1.pdf> <./figures/0
1-intro-boiteamoustache.png>]
<./01-analyseexploratoire_files/figure-pdf/fig-histboxplot-1.pdf, id=149, 604.2
575pt x 362.35374pt>
File: ./01-analyseexploratoire_files/figure-pdf/fig-histboxplot-1.pdf Graphic f
ile (type pdf)
<use ./01-analyseexploratoire_files/figure-pdf/fig-histboxplot-1.pdf>
Package pdftex.def Info: ./01-analyseexploratoire_files/figure-pdf/fig-histboxp
lot-1.pdf  used on input line 802.
(pdftex.def)             Requested size: 440.84615pt x 264.36122pt.
[10 <./01-analyseexploratoire_files/figure-pdf/fig-histboxplot-1.pdf>] [11]
<./01-analyseexploratoire_files/figure-pdf/fig-renfe-aed4-1.pdf, id=172, 604.25
75pt x 362.35374pt>
File: ./01-analyseexploratoire_files/figure-pdf/fig-renfe-aed4-1.pdf Graphic fi
le (type pdf)
<use ./01-analyseexploratoire_files/figure-pdf/fig-renfe-aed4-1.pdf>
Package pdftex.def Info: ./01-analyseexploratoire_files/figure-pdf/fig-renfe-ae
d4-1.pdf  used on input line 926.
(pdftex.def)             Requested size: 440.84615pt x 264.36122pt.
[12 <./01-analyseexploratoire_files/figure-pdf/fig-renfe-aed4-1.pdf>]

LaTeX Warning: Reference `fig-renfe-aed7' on page 13 undefined on input line 95
6.

<./01-analyseexploratoire_files/figure-pdf/fig-renfe-aed6-1.pdf, id=190, 604.25
75pt x 362.35374pt>
File: ./01-analyseexploratoire_files/figure-pdf/fig-renfe-aed6-1.pdf Graphic fi
le (type pdf)
<use ./01-analyseexploratoire_files/figure-pdf/fig-renfe-aed6-1.pdf>
Package pdftex.def Info: ./01-analyseexploratoire_files/figure-pdf/fig-renfe-ae
d6-1.pdf  used on input line 995.
(pdftex.def)             Requested size: 440.84615pt x 264.36122pt.
[13]
<./01-analyseexploratoire_files/figure-pdf/fig-renfe-aed7-1.pdf, id=195, 604.25
75pt x 363.3575pt>
File: ./01-analyseexploratoire_files/figure-pdf/fig-renfe-aed7-1.pdf Graphic fi
le (type pdf)
<use ./01-analyseexploratoire_files/figure-pdf/fig-renfe-aed7-1.pdf>
Package pdftex.def Info: ./01-analyseexploratoire_files/figure-pdf/fig-renfe-ae
d7-1.pdf  used on input line 1019.
(pdftex.def)             Requested size: 440.84615pt x 265.09352pt.

LaTeX Warning: Reference `tbl-renfeaedrep' on page 14 undefined on input line 1
066.

[14 <./01-analyseexploratoire_files/figure-pdf/fig-renfe-aed6-1.pdf>]
LaTeX Font Info:    Trying to load font information for TS1+futs on input line 
1085.
(/usr/local/texlive/2020/texmf-dist/tex/latex/fourier/ts1futs.fd
File: ts1futs.fd 2003/09/14 Fontinst v1.801 font definitions for TS1/futs.
)
Underfull \vbox (badness 2961) has occurred while \output is active []

[15 <./01-analyseexploratoire_files/figure-pdf/fig-renfe-aed7-1.pdf>]
LaTeX Font Info:    Trying to load font information for U+fontawesomefree1 on i
nput line 1132.

(/usr/local/texlive/2020/texmf-dist/tex/latex/fontawesome5/ufontawesomefree1.fd
) [16] [17] [18

]
Chapitre 3.

Underfull \vbox (badness 1173) has occurred while \output is active []

[19]
LaTeX Font Info:    Trying to load font information for OT1+lmss on input line 
1246.
(/usr/local/texlive/2020/texmf-dist/tex/latex/lm/ot1lmss.fd
File: ot1lmss.fd 2009/10/30 v1.6 Font defs for Latin Modern
)
Package microtype Info: Loading generic protrusion settings for font family
(microtype)             `lmss' (encoding: OT1).
(microtype)             For optimal results, create family-specific settings.
(microtype)             See the microtype manual for details.

LaTeX Warning: Reference `fig-datasaurus' on page 20 undefined on input line 12
79.



pdfTeX warning: pdflatex (file ./figures/DataSaurusDozen.pdf): PDF inclusion: f
ound PDF version <1.7>, but at most version <1.5> allowed
<./figures/DataSaurusDozen.pdf, id=250, 1312.905pt x 865.2325pt>
File: ./figures/DataSaurusDozen.pdf Graphic file (type pdf)
<use ./figures/DataSaurusDozen.pdf>
Package pdftex.def Info: ./figures/DataSaurusDozen.pdf  used on input line 1287
.
(pdftex.def)             Requested size: 440.85262pt x 290.53131pt.
[20] [21 <./figures/DataSaurusDozen.pdf>]
<./02-analysefactorielle_files/figure-pdf/fig-corrmat-1.pdf, id=288, 407.5225pt
 x 372.39125pt>
File: ./02-analysefactorielle_files/figure-pdf/fig-corrmat-1.pdf Graphic file (
type pdf)
<use ./02-analysefactorielle_files/figure-pdf/fig-corrmat-1.pdf>
Package pdftex.def Info: ./02-analysefactorielle_files/figure-pdf/fig-corrmat-1
.pdf  used on input line 1404.
(pdftex.def)             Requested size: 440.87015pt x 402.8641pt.

LaTeX Warning: Reference `fig-corrmat' on page 22 undefined on input line 1447.



Underfull \vbox (badness 10000) has occurred while \output is active []

[22] [23 <./02-analysefactorielle_files/figure-pdf/fig-corrmat-1.pdf>] [24]
<./02-analysefactorielle_files/figure-pdf/fig-acprotation-1.pdf, id=324, 594.22
pt x 287.0725pt>
File: ./02-analysefactorielle_files/figure-pdf/fig-acprotation-1.pdf Graphic fi
le (type pdf)
<use ./02-analysefactorielle_files/figure-pdf/fig-acprotation-1.pdf>
Package pdftex.def Info: ./02-analysefactorielle_files/figure-pdf/fig-acprotati
on-1.pdf  used on input line 1507.
(pdftex.def)             Requested size: 396.77434pt x 191.68489pt.

LaTeX Warning: Reference `fig-acprotation' on page 25 undefined on input line 1
520.


Underfull \hbox (badness 1466) in paragraph at lines 1540--1540
[][][]\T1/futs/m/n/9 (+20) .[][]On pour-rait aussi uti-li-ser \T1/lmtt/m/n/9 ei
gen(cor(factor)) \T1/futs/m/n/9 (+20) pour ex-traire di-rec-te-ment la d-com-p
o-si-tion en va-leurs
 []

[25 <./02-analysefactorielle_files/figure-pdf/fig-acprotation-1.pdf>]

LaTeX Warning: Reference `fig-biplot' on page 26 undefined on input line 1564.

<./02-analysefactorielle_files/figure-pdf/fig-biplot-1.pdf, id=345, 329.23pt x 
331.2375pt>
File: ./02-analysefactorielle_files/figure-pdf/fig-biplot-1.pdf Graphic file (t
ype pdf)
<use ./02-analysefactorielle_files/figure-pdf/fig-biplot-1.pdf>
Package pdftex.def Info: ./02-analysefactorielle_files/figure-pdf/fig-biplot-1.
pdf  used on input line 1589.
(pdftex.def)             Requested size: 440.85945pt x 443.54762pt.

LaTeX Warning: Reference `tbl-eigenvalues' on page 26 undefined on input line 1
600.


Underfull \vbox (badness 10000) has occurred while \output is active []

[26]
Underfull \vbox (badness 4193) has occurred while \output is active []

[27 <./02-analysefactorielle_files/figure-pdf/fig-biplot-1.pdf>]

LaTeX Warning: Reference `tbl-eigenvalues' on page 28 undefined on input line 1
675.


LaTeX Warning: Reference `fig-screeplot' on page 28 undefined on input line 167
6.

[28]
<./02-analysefactorielle_files/figure-pdf/fig-screeplot-1.pdf, id=372, 594.22pt
 x 359.3425pt>
File: ./02-analysefactorielle_files/figure-pdf/fig-screeplot-1.pdf Graphic file
 (type pdf)
<use ./02-analysefactorielle_files/figure-pdf/fig-screeplot-1.pdf>
Package pdftex.def Info: ./02-analysefactorielle_files/figure-pdf/fig-screeplot
-1.pdf  used on input line 1710.
(pdftex.def)             Requested size: 308.6063pt x 186.6234pt.
[29 <./02-analysefactorielle_files/figure-pdf/fig-screeplot-1.pdf>] [30]
LaTeX Font Info:    Font shape `FMX/futm/m/n' will be
(Font)              scaled to size 6.99199pt on input line 1819.
LaTeX Font Info:    Font shape `U/futm/m/n' will be
(Font)              scaled to size 6.99199pt on input line 1819.

Underfull \vbox (badness 1052) has occurred while \output is active []

[31]
LaTeX Font Info:    Font shape `T1/futs/bx/n' in size <10.95> not available
(Font)              Font shape `T1/futs/b/n' tried instead on input line 1884.
LaTeX Font Info:    Font shape `T1/futs/bx/n' in size <8.3> not available
(Font)              Font shape `T1/futs/b/n' tried instead on input line 1884.
LaTeX Font Info:    Font shape `T1/futs/bx/n' in size <6> not available
(Font)              Font shape `T1/futs/b/n' tried instead on input line 1884.

LaTeX Warning: Reference `sec-acp-choix' on page 32 undefined on input line 188
9.

[32]

LaTeX Warning: Reference `tbl-factanal4' on page 33 undefined on input line 197
8.

[33] [34]

LaTeX Warning: Reference `tbl-emvcrit' on page 35 undefined on input line 2064.


[35]

LaTeX Warning: Reference `tbl-factanal3' on page 36 undefined on input line 211
7.

[36] [37]
Underfull \vbox (badness 2293) has occurred while \output is active []

[38]

LaTeX Warning: Reference `tbl-scores' on page 39 undefined on input line 2392.

[39]

LaTeX Warning: Reference `tbl-corr-echelles-scores' on page 40 undefined on inp
ut line 2417.

LaTeX Font Info:    Trying to load font information for U+fontawesomefree2 on i
nput line 2449.

(/usr/local/texlive/2020/texmf-dist/tex/latex/fontawesome5/ufontawesomefree2.fd
)
Underfull \vbox (badness 4229) has occurred while \output is active []

[40]
Underfull \hbox (badness 3792) in paragraph at lines 2483--2486
[]\T1/futs/m/n/10.95 (+20) Une ana-lyse en com-po-sante prin-ci-pales fait une 
d-com-po-si-tion en va-leurs
 []

[41] [42]
Chapitre 4.

Underfull \vbox (badness 2635) has occurred while \output is active []

[43

] [44]
LaTeX Font Info:    Trying to load font information for TS1+lmtt on input line 
2671.
(/usr/local/texlive/2020/texmf-dist/tex/latex/lm/ts1lmtt.fd
File: ts1lmtt.fd 2009/10/30 v1.6 Font defs for Latin Modern
) [45] [46]
<./04-selectionmodeles_files/figure-pdf/fig-donneestest-1.pdf, id=508, 385.44pt
 x 240.9pt>
File: ./04-selectionmodeles_files/figure-pdf/fig-donneestest-1.pdf Graphic file
 (type pdf)
<use ./04-selectionmodeles_files/figure-pdf/fig-donneestest-1.pdf>
Package pdftex.def Info: ./04-selectionmodeles_files/figure-pdf/fig-donneestest
-1.pdf  used on input line 2834.
(pdftex.def)             Requested size: 440.84709pt x 275.52942pt.
[47]
<./04-selectionmodeles_files/figure-pdf/fig-plotEQMa-1.pdf, id=515, 423.5825pt 
x 274.02374pt>
File: ./04-selectionmodeles_files/figure-pdf/fig-plotEQMa-1.pdf Graphic file (t
ype pdf)
<use ./04-selectionmodeles_files/figure-pdf/fig-plotEQMa-1.pdf>
Package pdftex.def Info: ./04-selectionmodeles_files/figure-pdf/fig-plotEQMa-1.
pdf  used on input line 2862.
(pdftex.def)             Requested size: 440.86443pt x 285.20375pt.

LaTeX Warning: Reference `fig-plotEQMa' on page 48 undefined on input line 2872
.

[48 <./04-selectionmodeles_files/figure-pdf/fig-donneestest-1.pdf>] [49 <./04-s
electionmodeles_files/figure-pdf/fig-plotEQMa-1.pdf>] [50]
LaTeX Font Info:    Trying to load font information for T1+lmss on input line 2
989.
(/usr/local/texlive/2020/texmf-dist/tex/latex/lm/t1lmss.fd
File: t1lmss.fd 2009/10/30 v1.6 Font defs for Latin Modern
)
Package microtype Info: Loading generic protrusion settings for font family
(microtype)             `lmss' (encoding: T1).
(microtype)             For optimal results, create family-specific settings.
(microtype)             See the microtype manual for details.
[51]

LaTeX Warning: Reference `tbl-polynome-ajustement' on page 52 undefined on inpu
t line 3083.

<./04-selectionmodeles_files/figure-pdf/fig-polynome-ajustement-1.pdf, id=554, 
387.4475pt x 237.88875pt>
File: ./04-selectionmodeles_files/figure-pdf/fig-polynome-ajustement-1.pdf Grap
hic file (type pdf)
<use ./04-selectionmodeles_files/figure-pdf/fig-polynome-ajustement-1.pdf>
Package pdftex.def Info: ./04-selectionmodeles_files/figure-pdf/fig-polynome-aj
ustement-1.pdf  used on input line 3119.
(pdftex.def)             Requested size: 440.85524pt x 270.68053pt.

LaTeX Warning: Reference `tbl-polynome-ajustement' on page 52 undefined on inpu
t line 3128.


LaTeX Warning: Reference `fig-plotEQMa' on page 52 undefined on input line 3132
.


LaTeX Warning: Reference `fig-polynome-ajustement' on page 52 undefined on inpu
t line 3135.

[52]
Underfull \vbox (badness 1389) has occurred while \output is active []

[53 <./04-selectionmodeles_files/figure-pdf/fig-polynome-ajustement-1.pdf>] [54
]
LaTeX Font Info:    Font shape `T1/futs/bx/n' in size <9> not available
(Font)              Font shape `T1/futs/b/n' tried instead on input line 3275.
LaTeX Font Info:    Font shape `T1/futs/bx/n' in size <7.6> not available
(Font)              Font shape `T1/futs/b/n' tried instead on input line 3275.
[55]
<./04-selectionmodeles_files/figure-pdf/fig-validationcroiseeillust-1.pdf, id=5
92, 371.3875pt x 234.8775pt>
File: ./04-selectionmodeles_files/figure-pdf/fig-validationcroiseeillust-1.pdf 
Graphic file (type pdf)
<use ./04-selectionmodeles_files/figure-pdf/fig-validationcroiseeillust-1.pdf>
Package pdftex.def Info: ./04-selectionmodeles_files/figure-pdf/fig-validationc
roiseeillust-1.pdf  used on input line 3284.
(pdftex.def)             Requested size: 440.85722pt x 278.81241pt.
[56 <./04-selectionmodeles_files/figure-pdf/fig-validationcroiseeillust-1.pdf>]

LaTeX Warning: Reference `tbl-polynome-ajustement' on page 57 undefined on inpu
t line 3360.

[57]
<./04-selectionmodeles_files/figure-pdf/fig-plotcv-1.pdf, id=610, 423.5825pt x 
274.02374pt>
File: ./04-selectionmodeles_files/figure-pdf/fig-plotcv-1.pdf Graphic file (typ
e pdf)
<use ./04-selectionmodeles_files/figure-pdf/fig-plotcv-1.pdf>
Package pdftex.def Info: ./04-selectionmodeles_files/figure-pdf/fig-plotcv-1.pd
f  used on input line 3378.
(pdftex.def)             Requested size: 440.86443pt x 285.20375pt.
[58 <./04-selectionmodeles_files/figure-pdf/fig-plotcv-1.pdf>] [59]
<./04-selectionmodeles_files/figure-pdf/fig-histogrammes-eda-dbm-1.pdf, id=631,
 390.45876pt x 234.8775pt>
File: ./04-selectionmodeles_files/figure-pdf/fig-histogrammes-eda-dbm-1.pdf Gra
phic file (type pdf)
<use ./04-selectionmodeles_files/figure-pdf/fig-histogrammes-eda-dbm-1.pdf>
Package pdftex.def Info: ./04-selectionmodeles_files/figure-pdf/fig-histogramme
s-eda-dbm-1.pdf  used on input line 3539.
(pdftex.def)             Requested size: 440.86769pt x 265.2006pt.
[60] [61]

LaTeX Warning: Reference `fig-histogrammes-eda-dbm' on page 62 undefined on inp
ut line 3601.

[62 <./04-selectionmodeles_files/figure-pdf/fig-histogrammes-eda-dbm-1.pdf>]

LaTeX Warning: Reference `tbl-02-dummy' on page 63 undefined on input line 3682
.

[63]

LaTeX Warning: Reference `tbl-02-table3' on page 64 undefined on input line 374
7.

[64] [65] [66] [67] [68] [69]
<./04-selectionmodeles_files/figure-pdf/fig-perfo-sequentiel-1.pdf, id=707, 385
.44pt x 232.87pt>
File: ./04-selectionmodeles_files/figure-pdf/fig-perfo-sequentiel-1.pdf Graphic
 file (type pdf)
<use ./04-selectionmodeles_files/figure-pdf/fig-perfo-sequentiel-1.pdf>
Package pdftex.def Info: ./04-selectionmodeles_files/figure-pdf/fig-perfo-seque
ntiel-1.pdf  used on input line 4075.
(pdftex.def)             Requested size: 440.84709pt x 266.3451pt.

LaTeX Warning: Reference `fig-perfo-sequentiel' on page 70 undefined on input l
ine 4089.


Underfull \vbox (badness 3098) has occurred while \output is active []

[70] [71 <./04-selectionmodeles_files/figure-pdf/fig-perfo-sequentiel-1.pdf>]

LaTeX Warning: Reference `fig-lassopenalty' on page 72 undefined on input line 
4151.

<./04-selectionmodeles_files/figure-pdf/fig-lassopenalty-1.pdf, id=729, 387.447
5pt x 240.9pt>
File: ./04-selectionmodeles_files/figure-pdf/fig-lassopenalty-1.pdf Graphic fil
e (type pdf)
<use ./04-selectionmodeles_files/figure-pdf/fig-lassopenalty-1.pdf>
Package pdftex.def Info: ./04-selectionmodeles_files/figure-pdf/fig-lassopenalt
y-1.pdf  used on input line 4166.
(pdftex.def)             Requested size: 440.85524pt x 274.10687pt.
[72]
Underfull \vbox (badness 10000) has occurred while \output is active []

[73 <./04-selectionmodeles_files/figure-pdf/fig-lassopenalty-1.pdf>]

LaTeX Warning: Reference `fig-lassopath' on page 74 undefined on input line 421
6.

<./04-selectionmodeles_files/figure-pdf/fig-lassopath-1.pdf, id=751, 364.36125p
t x 201.75375pt>
File: ./04-selectionmodeles_files/figure-pdf/fig-lassopath-1.pdf Graphic file (
type pdf)
<use ./04-selectionmodeles_files/figure-pdf/fig-lassopath-1.pdf>
Package pdftex.def Info: ./04-selectionmodeles_files/figure-pdf/fig-lassopath-1
.pdf  used on input line 4224.
(pdftex.def)             Requested size: 440.86734pt x 244.11662pt.
[74] [75 <./04-selectionmodeles_files/figure-pdf/fig-lassopath-1.pdf>] [76] [77
] [78]

LaTeX Warning: Reference `tbl-02-gmse-base' on page 79 undefined on input line 
4444.


Package longtable Warning: Column widths have changed
(longtable)                in table 4.7 on input line 4471.


Package longtable Warning: Column widths have changed
(longtable)                in table 4.8 on input line 4493.


LaTeX Warning: Reference `tbl-02-modelcomparaisonfull' on page 79 undefined on 
input line 4495.


Underfull \vbox (badness 10000) has occurred while \output is active []

[79] [80] [81] [82

]
Chapitre 5.
[83]
<./05-reglogistique_files/figure-pdf/fig-demandecredit-1.pdf, id=823, 447.6725p
t x 280.04625pt>
File: ./05-reglogistique_files/figure-pdf/fig-demandecredit-1.pdf Graphic file 
(type pdf)
<use ./05-reglogistique_files/figure-pdf/fig-demandecredit-1.pdf>
Package pdftex.def Info: ./05-reglogistique_files/figure-pdf/fig-demandecredit-
1.pdf  used on input line 4704.
(pdftex.def)             Requested size: 396.76735pt x 248.20198pt.

LaTeX Warning: Reference `fig-demandecredit' on page 84 undefined on input line
 4714.


LaTeX Warning: Reference `fig-demandecredit' on page 84 undefined on input line
 4726.

[84 <./05-reglogistique_files/figure-pdf/fig-demandecredit-1.pdf>]
<./05-reglogistique_files/figure-pdf/fig-logitplot-1.pdf, id=839, 466.74374pt x
 282.05376pt>
File: ./05-reglogistique_files/figure-pdf/fig-logitplot-1.pdf Graphic file (typ
e pdf)
<use ./05-reglogistique_files/figure-pdf/fig-logitplot-1.pdf>
Package pdftex.def Info: ./05-reglogistique_files/figure-pdf/fig-logitplot-1.pd
f  used on input line 4757.
(pdftex.def)             Requested size: 440.86864pt x 266.41739pt.

LaTeX Warning: Reference `tbl-cotes' on page 85 undefined on input line 4776.

[85] [86 <./05-reglogistique_files/figure-pdf/fig-logitplot-1.pdf>] [87] [88] [
89]
Underfull \vbox (badness 10000) has occurred while \output is active []

[90]
<./05-reglogistique_files/figure-pdf/logitplot2-1.pdf, id=884, 463.7325pt x 284
.06125pt>
File: ./05-reglogistique_files/figure-pdf/logitplot2-1.pdf Graphic file (type p
df)
<use ./05-reglogistique_files/figure-pdf/logitplot2-1.pdf>
Package pdftex.def Info: ./05-reglogistique_files/figure-pdf/logitplot2-1.pdf  
used on input line 5112.
(pdftex.def)             Requested size: 440.8547pt x 270.04735pt.
LaTeX Font Info:    Trying to load font information for U+rsfs on input line 51
22.
(/usr/local/texlive/2020/texmf-dist/tex/latex/jknapltx/ursfs.fd
File: ursfs.fd 1998/03/24 rsfs font definition file (jk)
) [91 <./05-reglogistique_files/figure-pdf/logitplot2-1.pdf>] [92]
Underfull \hbox (badness 10000) in paragraph at lines 5252--5253

 []

<./05-reglogistique_files/figure-pdf/fig-confint-modele2-logist-1.pdf, id=906, 
555.07375pt x 347.2975pt>
File: ./05-reglogistique_files/figure-pdf/fig-confint-modele2-logist-1.pdf Grap
hic file (type pdf)
<use ./05-reglogistique_files/figure-pdf/fig-confint-modele2-logist-1.pdf>
Package pdftex.def Info: ./05-reglogistique_files/figure-pdf/fig-confint-modele
2-logist-1.pdf  used on input line 5257.
(pdftex.def)             Requested size: 440.84955pt x 275.82993pt.
[93] [94 <./05-reglogistique_files/figure-pdf/fig-confint-modele2-logist-1.pdf>
] [95] [96] [97] [98]
<./05-reglogistique_files/figure-pdf/fig-classification0-1.pdf, id=951, 429.605
pt x 209.78375pt>
File: ./05-reglogistique_files/figure-pdf/fig-classification0-1.pdf Graphic fil
e (type pdf)
<use ./05-reglogistique_files/figure-pdf/fig-classification0-1.pdf>
Package pdftex.def Info: ./05-reglogistique_files/figure-pdf/fig-classification
0-1.pdf  used on input line 5610.
(pdftex.def)             Requested size: 396.76875pt x 193.7492pt.
! Misplaced \noalign.
\midrule ->\noalign 
                    {\ifnum 0=`}\fi \@aboverulesep =\aboverulesep \global \@...
l.5689 \end{longtabu}
                      
Here is how much of TeX's memory you used:
 35999 strings out of 480681
 684011 string characters out of 5904632
 965556 words of memory out of 5000000
 50425 multiletter control sequences out of 15000+600000
 731028 words of font info for 418 fonts, out of 8000000 for 9000
 1141 hyphenation exceptions out of 8191
 59i,21n,95p,804b,1017s stack positions out of 5000i,500n,10000p,200000b,80000s

!  ==> Fatal error occurred, no output PDF file produced!
