This is pdfTeX, Version 3.14159265-2.6-1.40.20 (TeX Live 2019/Arch Linux) (preloaded format=pdflatex 2020.3.8)  13 MAR 2020 10:32
entering extended mode
 restricted \write18 enabled.
 %&-line parsing enabled.
**MATH60602.tex
(./MATH60602.tex
LaTeX2e <2019-10-01> patch level 1
(/usr/share/texmf-dist/tex/latex/base/book.cls
Document Class: book 2019/08/27 v1.4j Standard LaTeX document class
(/usr/share/texmf-dist/tex/latex/base/bk10.clo
File: bk10.clo 2019/08/27 v1.4j Standard LaTeX file (size option)
)
\c@part=\count80
\c@chapter=\count81
\c@section=\count82
\c@subsection=\count83
\c@subsubsection=\count84
\c@paragraph=\count85
\c@subparagraph=\count86
\c@figure=\count87
\c@table=\count88
\abovecaptionskip=\skip41
\belowcaptionskip=\skip42
\bibindent=\dimen102
) (/usr/share/texmf-dist/tex/latex/lm/lmodern.sty
Package: lmodern 2009/10/30 v1.6 Latin Modern Fonts
LaTeX Font Info:    Overwriting symbol font `operators' in version `normal'
(Font)                  OT1/cmr/m/n --> OT1/lmr/m/n on input line 22.
LaTeX Font Info:    Overwriting symbol font `letters' in version `normal'
(Font)                  OML/cmm/m/it --> OML/lmm/m/it on input line 23.
LaTeX Font Info:    Overwriting symbol font `symbols' in version `normal'
(Font)                  OMS/cmsy/m/n --> OMS/lmsy/m/n on input line 24.
LaTeX Font Info:    Overwriting symbol font `largesymbols' in version `normal'
(Font)                  OMX/cmex/m/n --> OMX/lmex/m/n on input line 25.
LaTeX Font Info:    Overwriting symbol font `operators' in version `bold'
(Font)                  OT1/cmr/bx/n --> OT1/lmr/bx/n on input line 26.
LaTeX Font Info:    Overwriting symbol font `letters' in version `bold'
(Font)                  OML/cmm/b/it --> OML/lmm/b/it on input line 27.
LaTeX Font Info:    Overwriting symbol font `symbols' in version `bold'
(Font)                  OMS/cmsy/b/n --> OMS/lmsy/b/n on input line 28.
LaTeX Font Info:    Overwriting symbol font `largesymbols' in version `bold'
(Font)                  OMX/cmex/m/n --> OMX/lmex/m/n on input line 29.
LaTeX Font Info:    Overwriting math alphabet `\mathbf' in version `normal'
(Font)                  OT1/cmr/bx/n --> OT1/lmr/bx/n on input line 31.
LaTeX Font Info:    Overwriting math alphabet `\mathsf' in version `normal'
(Font)                  OT1/cmss/m/n --> OT1/lmss/m/n on input line 32.
LaTeX Font Info:    Overwriting math alphabet `\mathit' in version `normal'
(Font)                  OT1/cmr/m/it --> OT1/lmr/m/it on input line 33.
LaTeX Font Info:    Overwriting math alphabet `\mathtt' in version `normal'
(Font)                  OT1/cmtt/m/n --> OT1/lmtt/m/n on input line 34.
LaTeX Font Info:    Overwriting math alphabet `\mathbf' in version `bold'
(Font)                  OT1/cmr/bx/n --> OT1/lmr/bx/n on input line 35.
LaTeX Font Info:    Overwriting math alphabet `\mathsf' in version `bold'
(Font)                  OT1/cmss/bx/n --> OT1/lmss/bx/n on input line 36.
LaTeX Font Info:    Overwriting math alphabet `\mathit' in version `bold'
(Font)                  OT1/cmr/bx/it --> OT1/lmr/bx/it on input line 37.
LaTeX Font Info:    Overwriting math alphabet `\mathtt' in version `bold'
(Font)                  OT1/cmtt/m/n --> OT1/lmtt/m/n on input line 38.
) (/usr/share/texmf-dist/tex/latex/amsfonts/amssymb.sty
Package: amssymb 2013/01/14 v3.01 AMS font symbols
(/usr/share/texmf-dist/tex/latex/amsfonts/amsfonts.sty
Package: amsfonts 2013/01/14 v3.01 Basic AMSFonts support
\@emptytoks=\toks14
\symAMSa=\mathgroup4
\symAMSb=\mathgroup5
LaTeX Font Info:    Redeclaring math symbol \hbar on input line 98.
LaTeX Font Info:    Overwriting math alphabet `\mathfrak' in version `bold'
(Font)                  U/euf/m/n --> U/euf/b/n on input line 106.
)) (/usr/share/texmf-dist/tex/latex/amsmath/amsmath.sty
Package: amsmath 2019/04/01 v2.17c AMS math features
\@mathmargin=\skip43
For additional information on amsmath, use the `?' option.
(/usr/share/texmf-dist/tex/latex/amsmath/amstext.sty
Package: amstext 2000/06/29 v2.01 AMS text
(/usr/share/texmf-dist/tex/latex/amsmath/amsgen.sty
File: amsgen.sty 1999/11/30 v2.0 generic functions
\@emptytoks=\toks15
\ex@=\dimen103
)) (/usr/share/texmf-dist/tex/latex/amsmath/amsbsy.sty
Package: amsbsy 1999/11/29 v1.2d Bold Symbols
\pmbraise@=\dimen104
) (/usr/share/texmf-dist/tex/latex/amsmath/amsopn.sty
Package: amsopn 2016/03/08 v2.02 operator names
)
\inf@bad=\count89
LaTeX Info: Redefining \frac on input line 227.
\uproot@=\count90
\leftroot@=\count91
LaTeX Info: Redefining \overline on input line 389.
\classnum@=\count92
\DOTSCASE@=\count93
LaTeX Info: Redefining \ldots on input line 486.
LaTeX Info: Redefining \dots on input line 489.
LaTeX Info: Redefining \cdots on input line 610.
\Mathstrutbox@=\box27
\strutbox@=\box28
\big@size=\dimen105
LaTeX Font Info:    Redeclaring font encoding OML on input line 733.
LaTeX Font Info:    Redeclaring font encoding OMS on input line 734.
\macc@depth=\count94
\c@MaxMatrixCols=\count95
\dotsspace@=\muskip10
\c@parentequation=\count96
\dspbrk@lvl=\count97
\tag@help=\toks16
\row@=\count98
\column@=\count99
\maxfields@=\count100
\andhelp@=\toks17
\eqnshift@=\dimen106
\alignsep@=\dimen107
\tagshift@=\dimen108
\tagwidth@=\dimen109
\totwidth@=\dimen110
\lineht@=\dimen111
\@envbody=\toks18
\multlinegap=\skip44
\multlinetaggap=\skip45
\mathdisplay@stack=\toks19
LaTeX Info: Redefining \[ on input line 2855.
LaTeX Info: Redefining \] on input line 2856.
) (/usr/share/texmf-dist/tex/generic/ifxetex/ifxetex.sty
Package: ifxetex 2010/09/12 v0.6 Provides ifxetex conditional
) (/usr/share/texmf-dist/tex/generic/oberdiek/ifluatex.sty
Package: ifluatex 2016/05/16 v1.4 Provides the ifluatex switch (HO)
Package ifluatex Info: LuaTeX not detected.
) (/usr/share/texmf-dist/tex/latex/base/fixltx2e.sty
Package: fixltx2e 2016/12/29 v2.1a fixes to LaTeX (obsolete)
Applying: [2015/01/01] Old fixltx2e package on input line 46.

Package fixltx2e Warning: fixltx2e is not required with releases after 2015
(fixltx2e)                All fixes are now in the LaTeX kernel.
(fixltx2e)                See the latexrelease package for details.

Already applied: [0000/00/00] Old fixltx2e package on input line 53.
) (/usr/share/texmf-dist/tex/latex/base/fontenc.sty
Package: fontenc 2018/08/11 v2.0j Standard LaTeX package
(/usr/share/texmf-dist/tex/latex/base/t1enc.def
File: t1enc.def 2018/08/11 v2.0j Standard LaTeX file
LaTeX Font Info:    Redeclaring font encoding T1 on input line 48.
)) (/usr/share/texmf-dist/tex/latex/base/inputenc.sty
Package: inputenc 2018/08/11 v1.3c Input encoding file
\inpenc@prehook=\toks20
\inpenc@posthook=\toks21
) (/usr/share/texmf-dist/tex/latex/base/textcomp.sty
Package: textcomp 2018/08/11 v2.0j Standard LaTeX package
Package textcomp Info: Sub-encoding information:
(textcomp)               5 = only ISO-Adobe without \textcurrency
(textcomp)               4 = 5 + \texteuro
(textcomp)               3 = 4 + \textohm
(textcomp)               2 = 3 + \textestimated + \textcurrency
(textcomp)               1 = TS1 - \textcircled - \t
(textcomp)               0 = TS1 (full)
(textcomp)             Font families with sub-encoding setting implement
(textcomp)             only a restricted character set as indicated.
(textcomp)             Family '?' is the default used for unknown fonts.
(textcomp)             See the documentation for details.
Package textcomp Info: Setting ? sub-encoding to TS1/1 on input line 79.
(/usr/share/texmf-dist/tex/latex/base/ts1enc.def
File: ts1enc.def 2001/06/05 v3.0e (jk/car/fm) Standard LaTeX file
Now handling font encoding TS1 ...
... processing UTF-8 mapping file for font encoding TS1
(/usr/share/texmf-dist/tex/latex/base/ts1enc.dfu
File: ts1enc.dfu 2019/07/11 v1.2j UTF-8 support for inputenc
   defining Unicode char U+00A2 (decimal 162)
   defining Unicode char U+00A3 (decimal 163)
   defining Unicode char U+00A4 (decimal 164)
   defining Unicode char U+00A5 (decimal 165)
   defining Unicode char U+00A6 (decimal 166)
   defining Unicode char U+00A7 (decimal 167)
   defining Unicode char U+00A8 (decimal 168)
   defining Unicode char U+00A9 (decimal 169)
   defining Unicode char U+00AA (decimal 170)
   defining Unicode char U+00AC (decimal 172)
   defining Unicode char U+00AE (decimal 174)
   defining Unicode char U+00AF (decimal 175)
   defining Unicode char U+00B0 (decimal 176)
   defining Unicode char U+00B1 (decimal 177)
   defining Unicode char U+00B2 (decimal 178)
   defining Unicode char U+00B3 (decimal 179)
   defining Unicode char U+00B4 (decimal 180)
   defining Unicode char U+00B5 (decimal 181)
   defining Unicode char U+00B6 (decimal 182)
   defining Unicode char U+00B7 (decimal 183)
   defining Unicode char U+00B9 (decimal 185)
   defining Unicode char U+00BA (decimal 186)
   defining Unicode char U+00BC (decimal 188)
   defining Unicode char U+00BD (decimal 189)
   defining Unicode char U+00BE (decimal 190)
   defining Unicode char U+00D7 (decimal 215)
   defining Unicode char U+00F7 (decimal 247)
   defining Unicode char U+0192 (decimal 402)
   defining Unicode char U+02C7 (decimal 711)
   defining Unicode char U+02D8 (decimal 728)
   defining Unicode char U+02DD (decimal 733)
   defining Unicode char U+0E3F (decimal 3647)
   defining Unicode char U+2016 (decimal 8214)
   defining Unicode char U+2020 (decimal 8224)
   defining Unicode char U+2021 (decimal 8225)
   defining Unicode char U+2022 (decimal 8226)
   defining Unicode char U+2030 (decimal 8240)
   defining Unicode char U+2031 (decimal 8241)
   defining Unicode char U+203B (decimal 8251)
   defining Unicode char U+203D (decimal 8253)
   defining Unicode char U+2044 (decimal 8260)
   defining Unicode char U+204E (decimal 8270)
   defining Unicode char U+2052 (decimal 8274)
   defining Unicode char U+20A1 (decimal 8353)
   defining Unicode char U+20A4 (decimal 8356)
   defining Unicode char U+20A6 (decimal 8358)
   defining Unicode char U+20A9 (decimal 8361)
   defining Unicode char U+20AB (decimal 8363)
   defining Unicode char U+20AC (decimal 8364)
   defining Unicode char U+20B1 (decimal 8369)
   defining Unicode char U+2103 (decimal 8451)
   defining Unicode char U+2116 (decimal 8470)
   defining Unicode char U+2117 (decimal 8471)
   defining Unicode char U+211E (decimal 8478)
   defining Unicode char U+2120 (decimal 8480)
   defining Unicode char U+2122 (decimal 8482)
   defining Unicode char U+2126 (decimal 8486)
   defining Unicode char U+2127 (decimal 8487)
   defining Unicode char U+212E (decimal 8494)
   defining Unicode char U+2190 (decimal 8592)
   defining Unicode char U+2191 (decimal 8593)
   defining Unicode char U+2192 (decimal 8594)
   defining Unicode char U+2193 (decimal 8595)
   defining Unicode char U+2329 (decimal 9001)
   defining Unicode char U+232A (decimal 9002)
   defining Unicode char U+2422 (decimal 9250)
   defining Unicode char U+25E6 (decimal 9702)
   defining Unicode char U+25EF (decimal 9711)
   defining Unicode char U+266A (decimal 9834)
   defining Unicode char U+27E8 (decimal 10216)
   defining Unicode char U+27E9 (decimal 10217)
   defining Unicode char U+FEFF (decimal 65279)
))
LaTeX Info: Redefining \oldstylenums on input line 334.
Package textcomp Info: Setting cmr sub-encoding to TS1/0 on input line 349.
Package textcomp Info: Setting cmss sub-encoding to TS1/0 on input line 350.
Package textcomp Info: Setting cmtt sub-encoding to TS1/0 on input line 351.
Package textcomp Info: Setting cmvtt sub-encoding to TS1/0 on input line 352.
Package textcomp Info: Setting cmbr sub-encoding to TS1/0 on input line 353.
Package textcomp Info: Setting cmtl sub-encoding to TS1/0 on input line 354.
Package textcomp Info: Setting ccr sub-encoding to TS1/0 on input line 355.
Package textcomp Info: Setting ptm sub-encoding to TS1/4 on input line 356.
Package textcomp Info: Setting pcr sub-encoding to TS1/4 on input line 357.
Package textcomp Info: Setting phv sub-encoding to TS1/4 on input line 358.
Package textcomp Info: Setting ppl sub-encoding to TS1/3 on input line 359.
Package textcomp Info: Setting pag sub-encoding to TS1/4 on input line 360.
Package textcomp Info: Setting pbk sub-encoding to TS1/4 on input line 361.
Package textcomp Info: Setting pnc sub-encoding to TS1/4 on input line 362.
Package textcomp Info: Setting pzc sub-encoding to TS1/4 on input line 363.
Package textcomp Info: Setting bch sub-encoding to TS1/4 on input line 364.
Package textcomp Info: Setting put sub-encoding to TS1/5 on input line 365.
Package textcomp Info: Setting uag sub-encoding to TS1/5 on input line 366.
Package textcomp Info: Setting ugq sub-encoding to TS1/5 on input line 367.
Package textcomp Info: Setting ul8 sub-encoding to TS1/4 on input line 368.
Package textcomp Info: Setting ul9 sub-encoding to TS1/4 on input line 369.
Package textcomp Info: Setting augie sub-encoding to TS1/5 on input line 370.
Package textcomp Info: Setting dayrom sub-encoding to TS1/3 on input line 371.
Package textcomp Info: Setting dayroms sub-encoding to TS1/3 on input line 372.

Package textcomp Info: Setting pxr sub-encoding to TS1/0 on input line 373.
Package textcomp Info: Setting pxss sub-encoding to TS1/0 on input line 374.
Package textcomp Info: Setting pxtt sub-encoding to TS1/0 on input line 375.
Package textcomp Info: Setting txr sub-encoding to TS1/0 on input line 376.
Package textcomp Info: Setting txss sub-encoding to TS1/0 on input line 377.
Package textcomp Info: Setting txtt sub-encoding to TS1/0 on input line 378.
Package textcomp Info: Setting lmr sub-encoding to TS1/0 on input line 379.
Package textcomp Info: Setting lmdh sub-encoding to TS1/0 on input line 380.
Package textcomp Info: Setting lmss sub-encoding to TS1/0 on input line 381.
Package textcomp Info: Setting lmssq sub-encoding to TS1/0 on input line 382.
Package textcomp Info: Setting lmvtt sub-encoding to TS1/0 on input line 383.
Package textcomp Info: Setting lmtt sub-encoding to TS1/0 on input line 384.
Package textcomp Info: Setting qhv sub-encoding to TS1/0 on input line 385.
Package textcomp Info: Setting qag sub-encoding to TS1/0 on input line 386.
Package textcomp Info: Setting qbk sub-encoding to TS1/0 on input line 387.
Package textcomp Info: Setting qcr sub-encoding to TS1/0 on input line 388.
Package textcomp Info: Setting qcs sub-encoding to TS1/0 on input line 389.
Package textcomp Info: Setting qpl sub-encoding to TS1/0 on input line 390.
Package textcomp Info: Setting qtm sub-encoding to TS1/0 on input line 391.
Package textcomp Info: Setting qzc sub-encoding to TS1/0 on input line 392.
Package textcomp Info: Setting qhvc sub-encoding to TS1/0 on input line 393.
Package textcomp Info: Setting futs sub-encoding to TS1/4 on input line 394.
Package textcomp Info: Setting futx sub-encoding to TS1/4 on input line 395.
Package textcomp Info: Setting futj sub-encoding to TS1/4 on input line 396.
Package textcomp Info: Setting hlh sub-encoding to TS1/3 on input line 397.
Package textcomp Info: Setting hls sub-encoding to TS1/3 on input line 398.
Package textcomp Info: Setting hlst sub-encoding to TS1/3 on input line 399.
Package textcomp Info: Setting hlct sub-encoding to TS1/5 on input line 400.
Package textcomp Info: Setting hlx sub-encoding to TS1/5 on input line 401.
Package textcomp Info: Setting hlce sub-encoding to TS1/5 on input line 402.
Package textcomp Info: Setting hlcn sub-encoding to TS1/5 on input line 403.
Package textcomp Info: Setting hlcw sub-encoding to TS1/5 on input line 404.
Package textcomp Info: Setting hlcf sub-encoding to TS1/5 on input line 405.
Package textcomp Info: Setting pplx sub-encoding to TS1/3 on input line 406.
Package textcomp Info: Setting pplj sub-encoding to TS1/3 on input line 407.
Package textcomp Info: Setting ptmx sub-encoding to TS1/4 on input line 408.
Package textcomp Info: Setting ptmj sub-encoding to TS1/4 on input line 409.
) (/usr/share/texmf-dist/tex/latex/microtype/microtype.sty
Package: microtype 2019/10/10 v2.7c Micro-typographical refinements (RS)
(/usr/share/texmf-dist/tex/latex/graphics/keyval.sty
Package: keyval 2014/10/28 v1.15 key=value parser (DPC)
\KV@toks@=\toks22
)
\MT@toks=\toks23
\MT@count=\count101
LaTeX Info: Redefining \textls on input line 790.
\MT@outer@kern=\dimen112
LaTeX Info: Redefining \textmicrotypecontext on input line 1347.
\MT@listname@count=\count102
(/usr/share/texmf-dist/tex/latex/microtype/microtype-pdftex.def
File: microtype-pdftex.def 2019/10/10 v2.7c Definitions specific to pdftex (RS)

LaTeX Info: Redefining \lsstyle on input line 914.
LaTeX Info: Redefining \lslig on input line 914.
\MT@outer@space=\skip46
)
Package microtype Info: Loading configuration file microtype.cfg.
(/usr/share/texmf-dist/tex/latex/microtype/microtype.cfg
File: microtype.cfg 2019/10/10 v2.7c microtype main configuration file (RS)
)) (/usr/share/texmf-dist/tex/latex/parskip/parskip.sty
Package: parskip 2019-01-16 v2.0c non-zero parskip adjustments
(/usr/share/texmf-dist/tex/latex/oberdiek/kvoptions.sty
Package: kvoptions 2016/05/16 v3.12 Key value format for package options (HO)
(/usr/share/texmf-dist/tex/generic/oberdiek/ltxcmds.sty
Package: ltxcmds 2016/05/16 v1.23 LaTeX kernel commands for general use (HO)
) (/usr/share/texmf-dist/tex/generic/oberdiek/kvsetkeys.sty
Package: kvsetkeys 2016/05/16 v1.17 Key value parser (HO)
(/usr/share/texmf-dist/tex/generic/oberdiek/infwarerr.sty
Package: infwarerr 2016/05/16 v1.4 Providing info/warning/error messages (HO)
) (/usr/share/texmf-dist/tex/generic/oberdiek/etexcmds.sty
Package: etexcmds 2016/05/16 v1.6 Avoid name clashes with e-TeX commands (HO)
))) (/home/lbelzile/texmf/tex/latex/etoolbox/etoolbox.sty
Package: etoolbox 2015/08/02 v2.2a e-TeX tools for LaTeX (JAW)
\etb@tempcnta=\count103

Package etoolbox Warning: Patching '\begin' failed!
(etoolbox)                '\AtBeginEnvironment' will not work.


Package etoolbox Warning: Patching '\end' failed!
(etoolbox)                '\AtEndEnvironment' will not work.


Package etoolbox Warning: Patching '\end' failed!
(etoolbox)                '\AfterEndEnvironment' will not work.

)) (/usr/share/texmf-dist/tex/latex/hyperref/hyperref.sty
Package: hyperref 2019/09/28 v7.00a Hypertext links for LaTeX
(/usr/share/texmf-dist/tex/generic/oberdiek/hobsub-hyperref.sty
Package: hobsub-hyperref 2016/05/16 v1.14 Bundle oberdiek, subset hyperref (HO)

(/usr/share/texmf-dist/tex/generic/oberdiek/hobsub-generic.sty
Package: hobsub-generic 2016/05/16 v1.14 Bundle oberdiek, subset generic (HO)
Package: hobsub 2016/05/16 v1.14 Construct package bundles (HO)
Package hobsub Info: Skipping package `infwarerr' (already loaded).
Package hobsub Info: Skipping package `ltxcmds' (already loaded).
Package hobsub Info: Skipping package `ifluatex' (already loaded).
Package: ifvtex 2016/05/16 v1.6 Detect VTeX and its facilities (HO)
Package ifvtex Info: VTeX not detected.
Package: intcalc 2016/05/16 v1.2 Expandable calculations with integers (HO)
Package: ifpdf 2018/09/07 v3.3 Provides the ifpdf switch
Package hobsub Info: Skipping package `etexcmds' (already loaded).
Package hobsub Info: Skipping package `kvsetkeys' (already loaded).
Package: kvdefinekeys 2016/05/16 v1.4 Define keys (HO)
Package: pdftexcmds 2019/07/25 v0.30 Utility functions of pdfTeX for LuaTeX (HO
)
Package pdftexcmds Info: LuaTeX not detected.
Package pdftexcmds Info: \pdf@primitive is available.
Package pdftexcmds Info: \pdf@ifprimitive is available.
Package pdftexcmds Info: \pdfdraftmode found.
Package: pdfescape 2016/05/16 v1.14 Implements pdfTeX's escape features (HO)
Package: bigintcalc 2016/05/16 v1.4 Expandable calculations on big integers (HO
)
Package: bitset 2016/05/16 v1.2 Handle bit-vector datatype (HO)
Package: uniquecounter 2016/05/16 v1.3 Provide unlimited unique counter (HO)
)
Package hobsub Info: Skipping package `hobsub' (already loaded).
Package: letltxmacro 2016/05/16 v1.5 Let assignment for LaTeX macros (HO)
Package: hopatch 2016/05/16 v1.3 Wrapper for package hooks (HO)
Package: xcolor-patch 2016/05/16 xcolor patch
Package: atveryend 2016/05/16 v1.9 Hooks at the very end of document (HO)
Package: atbegshi 2016/06/09 v1.18 At begin shipout hook (HO)
Package: refcount 2016/05/16 v3.5 Data extraction from label references (HO)
Package: hycolor 2016/05/16 v1.8 Color options for hyperref/bookmark (HO)
) (/usr/share/texmf-dist/tex/latex/oberdiek/auxhook.sty
Package: auxhook 2016/05/16 v1.4 Hooks for auxiliary files (HO)
)
\@linkdim=\dimen113
\Hy@linkcounter=\count104
\Hy@pagecounter=\count105
(/usr/share/texmf-dist/tex/latex/hyperref/pd1enc.def
File: pd1enc.def 2019/09/28 v7.00a Hyperref: PDFDocEncoding definition (HO)
Now handling font encoding PD1 ...
... no UTF-8 mapping file for font encoding PD1
)
\Hy@SavedSpaceFactor=\count106
(/usr/share/texmf-dist/tex/latex/latexconfig/hyperref.cfg
File: hyperref.cfg 2002/06/06 v1.2 hyperref configuration of TeXLive
)
Package hyperref Info: Option `unicode' set `true' on input line 4414.
(/usr/share/texmf-dist/tex/latex/hyperref/puenc.def
File: puenc.def 2019/09/28 v7.00a Hyperref: PDF Unicode definition (HO)
Now handling font encoding PU ...
... no UTF-8 mapping file for font encoding PU
)
Package hyperref Info: Hyper figures OFF on input line 4540.
Package hyperref Info: Link nesting OFF on input line 4545.
Package hyperref Info: Hyper index ON on input line 4548.
Package hyperref Info: Plain pages OFF on input line 4555.
Package hyperref Info: Backreferencing OFF on input line 4560.
Package hyperref Info: Implicit mode ON; LaTeX internals redefined.
Package hyperref Info: Bookmarks ON on input line 4793.
\c@Hy@tempcnt=\count107
(/usr/share/texmf-dist/tex/latex/url/url.sty
\Urlmuskip=\muskip11
Package: url 2013/09/16  ver 3.4  Verb mode for urls, etc.
)
LaTeX Info: Redefining \url on input line 5152.
\XeTeXLinkMargin=\dimen114
\Fld@menulength=\count108
\Field@Width=\dimen115
\Fld@charsize=\dimen116
Package hyperref Info: Hyper figures OFF on input line 6423.
Package hyperref Info: Link nesting OFF on input line 6428.
Package hyperref Info: Hyper index ON on input line 6431.
Package hyperref Info: backreferencing OFF on input line 6438.
Package hyperref Info: Link coloring OFF on input line 6443.
Package hyperref Info: Link coloring with OCG OFF on input line 6448.
Package hyperref Info: PDF/A mode OFF on input line 6453.
LaTeX Info: Redefining \ref on input line 6493.
LaTeX Info: Redefining \pageref on input line 6497.
\Hy@abspage=\count109
\c@Item=\count110
\c@Hfootnote=\count111
)
Package hyperref Info: Driver (autodetected): hpdftex.
(/usr/share/texmf-dist/tex/latex/hyperref/hpdftex.def
File: hpdftex.def 2019/09/28 v7.00a Hyperref driver for pdfTeX
\Fld@listcount=\count112
\c@bookmark@seq@number=\count113
(/usr/share/texmf-dist/tex/latex/oberdiek/rerunfilecheck.sty
Package: rerunfilecheck 2016/05/16 v1.8 Rerun checks for auxiliary files (HO)
Package uniquecounter Info: New unique counter `rerunfilecheck' on input line 2
82.
)
\Hy@SectionHShift=\skip47
)
Package hyperref Info: Option `breaklinks' set `true' on input line 35.
(/usr/share/texmf-dist/tex/latex/tools/longtable.sty
Package: longtable 2019/02/06 v4.12 Multi-page Table package (DPC)
\LTleft=\skip48
\LTright=\skip49
\LTpre=\skip50
\LTpost=\skip51
\LTchunksize=\count114
\LTcapwidth=\dimen117
\LT@head=\box29
\LT@firsthead=\box30
\LT@foot=\box31
\LT@lastfoot=\box32
\LT@cols=\count115
\LT@rows=\count116
\c@LT@tables=\count117
\c@LT@chunks=\count118
\LT@p@ftn=\toks24
) (/usr/share/texmf-dist/tex/latex/booktabs/booktabs.sty
Package: booktabs 2019/10/08 v1.6180339 publication quality tables
\heavyrulewidth=\dimen118
\lightrulewidth=\dimen119
\cmidrulewidth=\dimen120
\belowrulesep=\dimen121
\belowbottomsep=\dimen122
\aboverulesep=\dimen123
\abovetopsep=\dimen124
\cmidrulesep=\dimen125
\cmidrulekern=\dimen126
\defaultaddspace=\dimen127
\@cmidla=\count119
\@cmidlb=\count120
\@aboverulesep=\dimen128
\@belowrulesep=\dimen129
\@thisruleclass=\count121
\@lastruleclass=\count122
\@thisrulewidth=\dimen130
) (/usr/share/texmf-dist/tex/latex/mdwtools/footnote.sty
Package: footnote 1997/01/28 1.13 Save footnotes around boxes
\fn@notes=\box33
\fn@width=\dimen131
) (/usr/share/texmf-dist/tex/latex/graphics/graphicx.sty
Package: graphicx 2017/06/01 v1.1a Enhanced LaTeX Graphics (DPC,SPQR)
(/usr/share/texmf-dist/tex/latex/graphics/graphics.sty
Package: graphics 2019/10/08 v1.3c Standard LaTeX Graphics (DPC,SPQR)
(/usr/share/texmf-dist/tex/latex/graphics/trig.sty
Package: trig 2016/01/03 v1.10 sin cos tan (DPC)
) (/usr/share/texmf-dist/tex/latex/graphics-cfg/graphics.cfg
File: graphics.cfg 2016/06/04 v1.11 sample graphics configuration
)
Package graphics Info: Driver file: pdftex.def on input line 105.
(/usr/share/texmf-dist/tex/latex/graphics-def/pdftex.def
File: pdftex.def 2018/01/08 v1.0l Graphics/color driver for pdftex
))
\Gin@req@height=\dimen132
\Gin@req@width=\dimen133
) (/usr/share/texmf-dist/tex/latex/oberdiek/grffile.sty
Package: grffile 2017/06/30 v1.18 Extended file name support for graphics (HO)
Package grffile Info: Option `multidot' is set to `true'.
Package grffile Info: Option `extendedchars' is set to `false'.
Package grffile Info: Option `space' is set to `true'.
Package grffile Info: \Gin@ii of package `graphicx' fixed on input line 494.
) (/usr/share/texmf-dist/tex/latex/geometry/geometry.sty
Package: geometry 2018/04/16 v5.8 Page Geometry
\Gm@cnth=\count123
\Gm@cntv=\count124
\c@Gm@tempcnt=\count125
\Gm@bindingoffset=\dimen134
\Gm@wd@mp=\dimen135
\Gm@odd@mp=\dimen136
\Gm@even@mp=\dimen137
\Gm@layoutwidth=\dimen138
\Gm@layoutheight=\dimen139
\Gm@layouthoffset=\dimen140
\Gm@layoutvoffset=\dimen141
\Gm@dimlist=\toks25
) (/usr/share/texmf-dist/tex/latex/fourier/fourier.sty
Package: fourier 2005/01/01 1.4 fourier-GUTenberg package
Now handling font encoding FML ...
... no UTF-8 mapping file for font encoding FML
Now handling font encoding FMS ...
... no UTF-8 mapping file for font encoding FMS
Now handling font encoding FMX ...
... no UTF-8 mapping file for font encoding FMX
(/usr/share/texmf-dist/tex/latex/base/fontenc.sty
Package: fontenc 2018/08/11 v2.0j Standard LaTeX package
(/usr/share/texmf-dist/tex/latex/base/t1enc.def
File: t1enc.def 2018/08/11 v2.0j Standard LaTeX file
LaTeX Font Info:    Redeclaring font encoding T1 on input line 48.
)) (/usr/share/texmf-dist/tex/latex/fourier/fourier-orns.sty
Package: fourier-orns 2004/01/30 1.1 fourier-ornaments package
)
LaTeX Font Info:    Redeclaring symbol font `operators' on input line 50.
LaTeX Font Info:    Encoding `OT1' has changed to `T1' for symbol font
(Font)              `operators' in the math version `normal' on input line 50.
LaTeX Font Info:    Overwriting symbol font `operators' in version `normal'
(Font)                  OT1/lmr/m/n --> T1/futs/m/n on input line 50.
LaTeX Font Info:    Encoding `OT1' has changed to `T1' for symbol font
(Font)              `operators' in the math version `bold' on input line 50.
LaTeX Font Info:    Overwriting symbol font `operators' in version `bold'
(Font)                  OT1/lmr/bx/n --> T1/futs/m/n on input line 50.
LaTeX Font Info:    Overwriting symbol font `operators' in version `bold'
(Font)                  T1/futs/m/n --> T1/futs/b/n on input line 51.
LaTeX Font Info:    Redeclaring symbol font `letters' on input line 59.
LaTeX Font Info:    Encoding `OML' has changed to `FML' for symbol font
(Font)              `letters' in the math version `normal' on input line 59.
LaTeX Font Info:    Overwriting symbol font `letters' in version `normal'
(Font)                  OML/lmm/m/it --> FML/futmi/m/it on input line 59.
LaTeX Font Info:    Encoding `OML' has changed to `FML' for symbol font
(Font)              `letters' in the math version `bold' on input line 59.
LaTeX Font Info:    Overwriting symbol font `letters' in version `bold'
(Font)                  OML/lmm/b/it --> FML/futmi/m/it on input line 59.
\symotherletters=\mathgroup6
LaTeX Font Info:    Overwriting symbol font `letters' in version `bold'
(Font)                  FML/futmi/m/it --> FML/futmi/b/it on input line 61.
LaTeX Font Info:    Overwriting symbol font `otherletters' in version `bold'
(Font)                  FML/futm/m/it --> FML/futm/b/it on input line 62.
LaTeX Font Info:    Redeclaring math symbol \Gamma on input line 63.
LaTeX Font Info:    Redeclaring math symbol \Delta on input line 64.
LaTeX Font Info:    Redeclaring math symbol \Theta on input line 65.
LaTeX Font Info:    Redeclaring math symbol \Lambda on input line 66.
LaTeX Font Info:    Redeclaring math symbol \Xi on input line 67.
LaTeX Font Info:    Redeclaring math symbol \Pi on input line 68.
LaTeX Font Info:    Redeclaring math symbol \Sigma on input line 69.
LaTeX Font Info:    Redeclaring math symbol \Upsilon on input line 70.
LaTeX Font Info:    Redeclaring math symbol \Phi on input line 71.
LaTeX Font Info:    Redeclaring math symbol \Psi on input line 72.
LaTeX Font Info:    Redeclaring math symbol \Omega on input line 73.
LaTeX Font Info:    Redeclaring symbol font `symbols' on input line 113.
LaTeX Font Info:    Encoding `OMS' has changed to `FMS' for symbol font
(Font)              `symbols' in the math version `normal' on input line 113.
LaTeX Font Info:    Overwriting symbol font `symbols' in version `normal'
(Font)                  OMS/lmsy/m/n --> FMS/futm/m/n on input line 113.
LaTeX Font Info:    Encoding `OMS' has changed to `FMS' for symbol font
(Font)              `symbols' in the math version `bold' on input line 113.
LaTeX Font Info:    Overwriting symbol font `symbols' in version `bold'
(Font)                  OMS/lmsy/b/n --> FMS/futm/m/n on input line 113.
LaTeX Font Info:    Redeclaring symbol font `largesymbols' on input line 114.
LaTeX Font Info:    Encoding `OMX' has changed to `FMX' for symbol font
(Font)              `largesymbols' in the math version `normal' on input line 1
14.
LaTeX Font Info:    Overwriting symbol font `largesymbols' in version `normal'
(Font)                  OMX/lmex/m/n --> FMX/futm/m/n on input line 114.
LaTeX Font Info:    Encoding `OMX' has changed to `FMX' for symbol font
(Font)              `largesymbols' in the math version `bold' on input line 114
.
LaTeX Font Info:    Overwriting symbol font `largesymbols' in version `bold'
(Font)                  OMX/lmex/m/n --> FMX/futm/m/n on input line 114.
LaTeX Font Info:    Redeclaring math alphabet \mathbf on input line 115.
LaTeX Font Info:    Overwriting math alphabet `\mathbf' in version `normal'
(Font)                  OT1/lmr/bx/n --> T1/futs/bx/n on input line 115.
LaTeX Font Info:    Overwriting math alphabet `\mathbf' in version `bold'
(Font)                  OT1/lmr/bx/n --> T1/futs/bx/n on input line 115.
LaTeX Font Info:    Redeclaring math alphabet \mathrm on input line 116.
LaTeX Font Info:    Redeclaring math alphabet \mathit on input line 117.
LaTeX Font Info:    Overwriting math alphabet `\mathit' in version `normal'
(Font)                  OT1/lmr/m/it --> T1/futs/m/it on input line 117.
LaTeX Font Info:    Overwriting math alphabet `\mathit' in version `bold'
(Font)                  OT1/lmr/bx/it --> T1/futs/m/it on input line 117.
LaTeX Font Info:    Redeclaring math alphabet \mathcal on input line 118.
LaTeX Font Info:    Redeclaring math symbol \varkappa on input line 119.
LaTeX Font Info:    Redeclaring math symbol \leqslant on input line 125.
LaTeX Font Info:    Redeclaring math symbol \geqslant on input line 126.
LaTeX Font Info:    Redeclaring math symbol \vDash on input line 129.
LaTeX Font Info:    Redeclaring math symbol \blacktriangleleft on input line 13
0.
LaTeX Font Info:    Redeclaring math symbol \blacktriangleright on input line 1
31.
LaTeX Font Info:    Redeclaring math symbol \nleqslant on input line 132.
LaTeX Font Info:    Redeclaring math symbol \ngeqslant on input line 133.
LaTeX Font Info:    Redeclaring math symbol \parallel on input line 134.
LaTeX Font Info:    Redeclaring math symbol \nparallel on input line 135.
LaTeX Font Info:    Redeclaring math symbol \nvDash on input line 137.
LaTeX Font Info:    Redeclaring math symbol \intercal on input line 138.
LaTeX Font Info:    Redeclaring math symbol \hslash on input line 139.
LaTeX Font Info:    Redeclaring math symbol \nexists on input line 140.
LaTeX Font Info:    Redeclaring math symbol \complement on input line 141.
LaTeX Font Info:    Redeclaring math symbol \varsubsetneq on input line 142.
LaTeX Font Info:    Redeclaring math symbol \hbar on input line 148.
LaTeX Font Info:    Redeclaring math symbol \smallsetminus on input line 149.
LaTeX Font Info:    Redeclaring math symbol \subsetneqq on input line 150.
LaTeX Font Info:    Redeclaring math symbol \rightrightarrows on input line 151
.
LaTeX Font Info:    Redeclaring math symbol \leftleftarrows on input line 152.
LaTeX Font Info:    Redeclaring math symbol \square on input line 153.
LaTeX Font Info:    Redeclaring math symbol \curvearrowleft on input line 154.
LaTeX Font Info:    Redeclaring math symbol \curvearrowright on input line 155.

LaTeX Font Info:    Redeclaring math symbol \blacksquare on input line 156.
LaTeX Font Info:    Redeclaring math symbol \varkappa on input line 186.
LaTeX Font Info:    Redeclaring math symbol \varvarrho on input line 187.
LaTeX Font Info:    Redeclaring math delimiter \Vert on input line 210.
LaTeX Font Info:    Redeclaring math delimiter \vert on input line 215.
LaTeX Font Info:    Redeclaring math delimiter \lvert on input line 217.
LaTeX Font Info:    Redeclaring math delimiter \rvert on input line 219.
LaTeX Font Info:    Redeclaring math delimiter \lVert on input line 221.
LaTeX Font Info:    Redeclaring math delimiter \rVert on input line 223.
LaTeX Font Info:    Redeclaring math delimiter \Downarrow on input line 225.
LaTeX Font Info:    Redeclaring math delimiter \backslash on input line 227.
LaTeX Font Info:    Redeclaring math delimiter \rangle on input line 229.
LaTeX Font Info:    Redeclaring math delimiter \langle on input line 231.
LaTeX Font Info:    Redeclaring math delimiter \rbrace on input line 233.
LaTeX Font Info:    Redeclaring math delimiter \lbrace on input line 235.
LaTeX Font Info:    Redeclaring math delimiter \rceil on input line 237.
LaTeX Font Info:    Redeclaring math delimiter \lceil on input line 239.
LaTeX Font Info:    Redeclaring math delimiter \rfloor on input line 241.
LaTeX Font Info:    Redeclaring math delimiter \lfloor on input line 243.
LaTeX Font Info:    Redeclaring math accent \acute on input line 247.
LaTeX Font Info:    Redeclaring math accent \grave on input line 248.
LaTeX Font Info:    Redeclaring math accent \ddot on input line 249.
LaTeX Font Info:    Redeclaring math accent \tilde on input line 250.
LaTeX Font Info:    Redeclaring math accent \bar on input line 251.
LaTeX Font Info:    Redeclaring math accent \breve on input line 252.
LaTeX Font Info:    Redeclaring math accent \check on input line 253.
LaTeX Font Info:    Redeclaring math accent \hat on input line 254.
LaTeX Font Info:    Redeclaring math accent \dot on input line 255.
LaTeX Font Info:    Redeclaring math accent \mathring on input line 256.
\symUfutm=\mathgroup7
) (/usr/share/texmf-dist/tex/generic/babel/babel.sty
Package: babel 2019/10/15 3.35 The Babel package
(/usr/share/texmf-dist/tex/generic/babel/switch.def
File: switch.def 2019/10/15 3.35 Babel switching mechanism
) (/usr/share/texmf-dist/tex/generic/babel-french/french.ldf
Language: french 2019/09/07 v3.5f French support from the babel system
(/usr/share/texmf-dist/tex/generic/babel/babel.def
File: babel.def 2019/10/15 3.35 Babel common definitions
\babel@savecnt=\count126
\U@D=\dimen142
(/usr/share/texmf-dist/tex/generic/babel/txtbabel.def)
\bbl@dirlevel=\count127
)
\l@acadian = a dialect from \language\l@french 
\l@canadien = a dialect from \language\l@french 
\FB@nonchar=\count128
Package babel Info: Making : an active character on input line 419.
Package babel Info: Making ; an active character on input line 420.
Package babel Info: Making ! an active character on input line 421.
Package babel Info: Making ? an active character on input line 422.
\FBguill@level=\count129
\FBold@everypar=\toks26
\FB@Mht=\dimen143
\mc@charclass=\count130
\mc@charfam=\count131
\mc@charslot=\count132
\std@mcc=\count133
\dec@mcc=\count134
\c@FBcaption@count=\count135
\listindentFB=\dimen144
\descindentFB=\dimen145
\labelindentFB=\dimen146
\labelwidthFB=\dimen147
\leftmarginFB=\dimen148
\parindentFFN=\dimen149
\FBfnindent=\dimen150
)) (/usr/share/texmf-dist/tex/latex/carlisle/scalefnt.sty) (/usr/share/texmf-di
st/tex/latex/tools/array.sty
Package: array 2019/08/31 v2.4l Tabular extension package (FMi)
\col@sep=\dimen151
\ar@mcellbox=\box34
\extrarowheight=\dimen152
\NC@list=\toks27
\extratabsurround=\skip52
\backup@length=\skip53
\ar@cellbox=\box35
) (/usr/local/share/texmf/tex/latex/multirow/multirow.sty
Package: multirow 2019/05/31 v2.5 Span multiple rows of a table
\multirow@colwidth=\skip54
\multirow@cntb=\count136
\multirow@dima=\skip55
\bigstrutjot=\dimen153
) (/usr/local/share/texmf/tex/latex/wrapfig/wrapfig.sty
\wrapoverhang=\dimen154
\WF@size=\dimen155
\c@WF@wrappedlines=\count137
\WF@box=\box36
\WF@everypar=\toks28
Package: wrapfig 2003/01/31  v 3.6
) (/usr/share/texmf-dist/tex/latex/float/float.sty
Package: float 2001/11/08 v1.3d Float enhancements (AL)
\c@float@type=\count138
\float@exts=\toks29
\float@box=\box37
\@float@everytoks=\toks30
\@floatcapt=\box38
) (/usr/share/texmf-dist/tex/latex/colortbl/colortbl.sty
Package: colortbl 2018/12/12 v1.0d Color table columns (DPC)
(/usr/share/texmf-dist/tex/latex/graphics/color.sty
Package: color 2016/07/10 v1.1e Standard LaTeX Color (DPC)
(/usr/share/texmf-dist/tex/latex/graphics-cfg/color.cfg
File: color.cfg 2016/01/02 v1.6 sample color configuration
)
Package color Info: Driver file: pdftex.def on input line 147.
)
\everycr=\toks31
\minrowclearance=\skip56
) (/usr/share/texmf-dist/tex/latex/oberdiek/pdflscape.sty
Package: pdflscape 2016/05/14 v0.11 Display of landscape pages in PDF (HO)
(/usr/share/texmf-dist/tex/latex/graphics/lscape.sty
Package: lscape 2000/10/22 v3.01 Landscape Pages (DPC)
)
Package pdflscape Info: Auto-detected driver: pdftex on input line 81.
) (/usr/local/share/texmf/tex/latex/tabu/tabu.sty
Package: tabu 2019/01/11 v2.9 - flexible LaTeX tabulars (FC+tabu-fixed)
(/usr/local/share/texmf/tex/latex/varwidth/varwidth.sty
Package: varwidth 2009/03/30 ver 0.92;  Variable-width minipages
\@vwid@box=\box39
\sift@deathcycles=\count139
\@vwid@loff=\dimen156
\@vwid@roff=\dimen157
)
\c@taburow=\count140
\tabu@nbcols=\count141
\tabu@cnt=\count142
\tabu@Xcol=\count143
\tabu@alloc=\count144
\tabu@nested=\count145
\tabu@target=\dimen158
\tabu@spreadtarget=\dimen159
\tabu@naturalX=\dimen160
\tabucolX=\dimen161
\tabu@Xsum=\dimen162
\extrarowdepth=\dimen163
\abovetabulinesep=\dimen164
\belowtabulinesep=\dimen165
\tabustrutrule=\dimen166
\tabu@thebody=\toks32
\tabu@footnotes=\toks33
\tabu@box=\box40
\tabu@arstrutbox=\box41
\tabu@hleads=\box42
\tabu@vleads=\box43
\tabu@cellskip=\skip57
) (/usr/local/share/texmf/tex/latex/threeparttable/threeparttable.sty
Package: threeparttable 2003/06/13  v 3.0
\@tempboxb=\box44
) (/usr/local/share/texmf/tex/latex/threeparttablex/threeparttablex.sty
Package: threeparttablex 2013/07/23 v0.3 by daleif
(/usr/local/share/texmf/tex/latex/environ/environ.sty
Package: environ 2014/05/04 v0.3 A new way to define environments
(/usr/local/share/texmf/tex/latex/trimspaces/trimspaces.sty
Package: trimspaces 2009/09/17 v1.1 Trim spaces around a token list
))
\TPTL@width=\skip58
) (/usr/share/texmf-dist/tex/generic/ulem/ulem.sty
\UL@box=\box45
\UL@hyphenbox=\box46
\UL@skip=\skip59
\UL@hook=\toks34
\UL@height=\dimen167
\UL@pe=\count146
\UL@pixel=\dimen168
\ULC@box=\box47
Package: ulem 2012/05/18
\ULdepth=\dimen169
) (/usr/local/share/texmf/tex/latex/makecell/makecell.sty
Package: makecell 2009/08/03 V0.1e Managing of Tab Column Heads and Cells
\rotheadsize=\dimen170
\c@nlinenum=\count147
\TeXr@lab=\toks35
) (/usr/share/texmf-dist/tex/latex/xcolor/xcolor.sty
Package: xcolor 2016/05/11 v2.12 LaTeX color extensions (UK)
(/usr/share/texmf-dist/tex/latex/graphics-cfg/color.cfg
File: color.cfg 2016/01/02 v1.6 sample color configuration
)
Package xcolor Info: Driver file: pdftex.def on input line 225.
LaTeX Info: Redefining \color on input line 709.
Package xcolor Info: Model `cmy' substituted by `cmy0' on input line 1348.
Package xcolor Info: Model `hsb' substituted by `rgb' on input line 1352.
Package xcolor Info: Model `RGB' extended on input line 1364.
Package xcolor Info: Model `HTML' substituted by `rgb' on input line 1366.
Package xcolor Info: Model `Hsb' substituted by `hsb' on input line 1367.
Package xcolor Info: Model `tHsb' substituted by `hsb' on input line 1368.
Package xcolor Info: Model `HSB' substituted by `hsb' on input line 1369.
Package xcolor Info: Model `Gray' substituted by `gray' on input line 1370.
Package xcolor Info: Model `wave' substituted by `hsb' on input line 1371.
) (/usr/share/texmf-dist/tex/latex/natbib/natbib.sty
Package: natbib 2010/09/13 8.31b (PWD, AO)
\bibhang=\skip60
\bibsep=\skip61
LaTeX Info: Redefining \cite on input line 694.
\c@NAT@ctr=\count148
) (/usr/share/texmf-dist/tex/latex/amscls/amsthm.sty
Package: amsthm 2017/10/31 v2.20.4
\thm@style=\toks36
\thm@bodyfont=\toks37
\thm@headfont=\toks38
\thm@notefont=\toks39
\thm@headpunct=\toks40
\thm@preskip=\skip62
\thm@postskip=\skip63
\thm@headsep=\skip64
\dth@everypar=\toks41
)
\c@theorem=\count149
\c@lemma=\count150
\c@corollary=\count151
\c@proposition=\count152
\c@conjecture=\count153
\c@definition=\count154
\c@example=\count155
\c@exercise=\count156
No file MATH60602.aux.
\openout1 = `MATH60602.aux'.

LaTeX Font Info:    Checking defaults for OML/cmm/m/it on input line 125.
LaTeX Font Info:    ... okay on input line 125.
LaTeX Font Info:    Checking defaults for T1/cmr/m/n on input line 125.
LaTeX Font Info:    ... okay on input line 125.
LaTeX Font Info:    Checking defaults for OT1/cmr/m/n on input line 125.
LaTeX Font Info:    ... okay on input line 125.
LaTeX Font Info:    Checking defaults for OMS/cmsy/m/n on input line 125.
LaTeX Font Info:    ... okay on input line 125.
LaTeX Font Info:    Checking defaults for OMX/cmex/m/n on input line 125.
LaTeX Font Info:    ... okay on input line 125.
LaTeX Font Info:    Checking defaults for U/cmr/m/n on input line 125.
LaTeX Font Info:    ... okay on input line 125.
LaTeX Font Info:    Checking defaults for TS1/cmr/m/n on input line 125.
LaTeX Font Info:    Trying to load font information for TS1+cmr on input line 1
25.
(/usr/share/texmf-dist/tex/latex/base/ts1cmr.fd
File: ts1cmr.fd 2014/09/29 v2.5h Standard LaTeX font definitions
)
LaTeX Font Info:    ... okay on input line 125.
LaTeX Font Info:    Checking defaults for PD1/pdf/m/n on input line 125.
LaTeX Font Info:    ... okay on input line 125.
LaTeX Font Info:    Checking defaults for PU/pdf/m/n on input line 125.
LaTeX Font Info:    ... okay on input line 125.
LaTeX Font Info:    Checking defaults for FML/futm/m/it on input line 125.
LaTeX Font Info:    Trying to load font information for FML+futm on input line 
125.
(/usr/share/texmf-dist/tex/latex/fourier/fmlfutm.fd
File: fmlfutm.fd 2004/10/30 Fontinst v1.926 font definitions for FML/futm.
)
LaTeX Font Info:    ... okay on input line 125.
LaTeX Font Info:    Checking defaults for FMS/futm/m/n on input line 125.
LaTeX Font Info:    Trying to load font information for FMS+futm on input line 
125.
(/usr/share/texmf-dist/tex/latex/fourier/fmsfutm.fd
File: fmsfutm.fd 2004/10/30 Fontinst v1.926 font definitions for FMS/futm.
)
LaTeX Font Info:    ... okay on input line 125.
LaTeX Font Info:    Checking defaults for FMX/futm/m/n on input line 125.
LaTeX Font Info:    Trying to load font information for FMX+futm on input line 
125.
(/usr/share/texmf-dist/tex/latex/fourier/fmxfutm.fd
File: fmxfutm.fd futm-extension
)
LaTeX Font Info:    ... okay on input line 125.
LaTeX Font Info:    Trying to load font information for T1+futs on input line 1
25.
(/usr/share/texmf-dist/tex/latex/fourier/t1futs.fd
File: t1futs.fd 2004/03/02 Fontinst v1.926 font definitions for T1/futs.
)
LaTeX Info: Redefining \microtypecontext on input line 125.
Package microtype Info: Generating PDF output.
Package microtype Info: Character protrusion enabled (level 2).
Package microtype Info: Using protrusion set `basicmath'.
Package microtype Info: Automatic font expansion enabled (level 2),
(microtype)             stretch: 20, shrink: 20, step: 1, non-selected.
Package microtype Info: Using default expansion set `basictext'.
LaTeX Info: Redefining \showhyphens on input line 125.
Package microtype Info: No adjustment of tracking.
Package microtype Info: No adjustment of interword spacing.
Package microtype Info: No adjustment of character kerning.
Package microtype Info: Loading generic protrusion settings for font family
(microtype)             `futs' (encoding: T1).
(microtype)             For optimal results, create family-specific settings.
(microtype)             See the microtype manual for details.
\AtBeginShipoutBox=\box48
Package hyperref Info: Link coloring OFF on input line 125.
(/usr/share/texmf-dist/tex/latex/hyperref/nameref.sty
Package: nameref 2019/09/16 v2.46 Cross-referencing by name of section
(/usr/share/texmf-dist/tex/generic/oberdiek/gettitlestring.sty
Package: gettitlestring 2016/05/16 v1.5 Cleanup title references (HO)
)
\c@section@level=\count157
)
LaTeX Info: Redefining \ref on input line 125.
LaTeX Info: Redefining \pageref on input line 125.
LaTeX Info: Redefining \nameref on input line 125.
\@outlinefile=\write3
\openout3 = `MATH60602.out'.

(/usr/share/texmf-dist/tex/context/base/mkii/supp-pdf.mkii
[Loading MPS to PDF converter (version 2006.09.02).]
\scratchcounter=\count158
\scratchdimen=\dimen171
\scratchbox=\box49
\nofMPsegments=\count159
\nofMParguments=\count160
\everyMPshowfont=\toks42
\MPscratchCnt=\count161
\MPscratchDim=\dimen172
\MPnumerator=\count162
\makeMPintoPDFobject=\count163
\everyMPtoPDFconversion=\toks43
) (/usr/share/texmf-dist/tex/latex/oberdiek/epstopdf-base.sty
Package: epstopdf-base 2016/05/15 v2.6 Base part for package epstopdf
(/usr/share/texmf-dist/tex/latex/oberdiek/grfext.sty
Package: grfext 2016/05/16 v1.2 Manage graphics extensions (HO)
)
Package epstopdf-base Info: Redefining graphics rule for `.eps' on input line 4
38.
Package grfext Info: Graphics extension search list:
(grfext)             [.pdf,.png,.jpg,.mps,.jpeg,.jbig2,.jb2,.PDF,.PNG,.JPG,.JPE
G,.JBIG2,.JB2,.eps]
(grfext)             \AppendGraphicsExtensions on input line 456.
(/usr/share/texmf-dist/tex/latex/latexconfig/epstopdf-sys.cfg
File: epstopdf-sys.cfg 2010/07/13 v1.3 Configuration of (r)epstopdf for TeX Liv
e
))
*geometry* driver: auto-detecting
*geometry* detected driver: pdftex
*geometry* verbose mode - [ preamble ] result:
* driver: pdftex
* paper: <default>
* layout: <same size as paper>
* layoutoffset:(h,v)=(0.0pt,0.0pt)
* modes: twoside 
* h-part:(L,W,R)=(86.72377pt, 440.84746pt, 86.72377pt)
* v-part:(T,H,B)=(95.39737pt, 556.47656pt, 143.09605pt)
* \paperwidth=614.295pt
* \paperheight=794.96999pt
* \textwidth=440.84746pt
* \textheight=556.47656pt
* \oddsidemargin=14.45378pt
* \evensidemargin=14.45378pt
* \topmargin=-6.94011pt
* \headheight=12.0pt
* \headsep=18.06749pt
* \topskip=10.0pt
* \footskip=25.29494pt
* \marginparwidth=125.0pt
* \marginparsep=7.0pt
* \columnsep=10.0pt
* \skip\footins=9.0pt plus 4.0pt minus 2.0pt
* \hoffset=0.0pt
* \voffset=0.0pt
* \mag=1000
* \@twocolumnfalse
* \@twosidetrue
* \@mparswitchtrue
* \@reversemarginfalse
* (1in=72.27pt=25.4mm, 1cm=28.453pt)

LaTeX Font Info:    Redeclaring math accent \widehat on input line 125.
LaTeX Font Info:    Redeclaring math accent \widetilde on input line 125.
LaTeX Info: Redefining \degres on input line 125.
LaTeX Info: Redefining \dots on input line 125.

Package french.ldf Warning: Please load the "natbib" package
(french.ldf)                BEFORE babel/french; reported on input line 125.

LaTeX Info: Redefining \up on input line 125.
LaTeX Font Info:    Trying to load font information for FML+futmi on input line
 127.
(/usr/share/texmf-dist/tex/latex/fourier/fmlfutmi.fd
File: fmlfutmi.fd 2004/10/30 Fontinst v1.926 font definitions for FML/futmi.
)
LaTeX Font Info:    Font shape `FMX/futm/m/n' will be
(Font)              scaled to size 11.03998pt on input line 127.
LaTeX Font Info:    Font shape `FMX/futm/m/n' will be
(Font)              scaled to size 8.27998pt on input line 127.
LaTeX Font Info:    Font shape `FMX/futm/m/n' will be
(Font)              scaled to size 6.43999pt on input line 127.
LaTeX Font Info:    Trying to load font information for U+msa on input line 127
.
(/usr/share/texmf-dist/tex/latex/amsfonts/umsa.fd
File: umsa.fd 2013/01/14 v3.01 AMS symbols A
) (/usr/share/texmf-dist/tex/latex/microtype/mt-msa.cfg
File: mt-msa.cfg 2006/02/04 v1.1 microtype config. file: AMS symbols (a) (RS)
)
LaTeX Font Info:    Trying to load font information for U+msb on input line 127
.
(/usr/share/texmf-dist/tex/latex/amsfonts/umsb.fd
File: umsb.fd 2013/01/14 v3.01 AMS symbols B
) (/usr/share/texmf-dist/tex/latex/microtype/mt-msb.cfg
File: mt-msb.cfg 2005/06/01 v1.0 microtype config. file: AMS symbols (b) (RS)
)
LaTeX Font Info:    Font shape `U/futm/m/n' will be
(Font)              scaled to size 11.03998pt on input line 127.
LaTeX Font Info:    Font shape `U/futm/m/n' will be
(Font)              scaled to size 8.27998pt on input line 127.
LaTeX Font Info:    Font shape `U/futm/m/n' will be
(Font)              scaled to size 6.43999pt on input line 127.
[1


{/var/lib/texmf/fonts/map/pdftex/updmap/pdftex.map}] [2

]
LaTeX Font Info:    Font shape `T1/futs/bx/n' in size <24.88> not available
(Font)              Font shape `T1/futs/b/n' tried instead on input line 130.
\tf@toc=\write4
\openout4 = `MATH60602.toc'.

[3] [4

]
Chapitre 1.
LaTeX Font Info:    Font shape `T1/futs/bx/n' in size <20.74> not available
(Font)              Font shape `T1/futs/b/n' tried instead on input line 148.
LaTeX Font Info:    Font shape `T1/futs/bx/n' in size <14.4> not available
(Font)              Font shape `T1/futs/b/n' tried instead on input line 151.
LaTeX Font Info:    Font shape `T1/futs/bx/n' in size <12> not available
(Font)              Font shape `T1/futs/b/n' tried instead on input line 154.
LaTeX Font Info:    Font shape `FMX/futm/m/n' will be
(Font)              scaled to size 9.19998pt on input line 156.
LaTeX Font Info:    Font shape `FMX/futm/m/n' will be
(Font)              scaled to size 6.99199pt on input line 156.
LaTeX Font Info:    Font shape `FMX/futm/m/n' will be
(Font)              scaled to size 5.51999pt on input line 156.
LaTeX Font Info:    Font shape `U/futm/m/n' will be
(Font)              scaled to size 9.19998pt on input line 156.
LaTeX Font Info:    Font shape `U/futm/m/n' will be
(Font)              scaled to size 6.99199pt on input line 156.
LaTeX Font Info:    Font shape `U/futm/m/n' will be
(Font)              scaled to size 5.51999pt on input line 156.
LaTeX Font Info:    Font shape `T1/futs/bx/n' in size <10> not available
(Font)              Font shape `T1/futs/b/n' tried instead on input line 161.
[5] [6] [7] [8

]
Chapitre 2.
[9]
LaTeX Font Info:    Trying to load font information for T1+lmtt on input line 4
34.
(/usr/share/texmf-dist/tex/latex/lm/t1lmtt.fd
File: t1lmtt.fd 2009/10/30 v1.6 Font defs for Latin Modern
) [10]
<"figures/""01-facto-e1".png, id=123, 1128.215pt x 799.98875pt>
File: "figures/""01-facto-e1".png Graphic file (type png)
<use "figures/""01-facto-e1".png>
Package pdftex.def Info: "figures/""01-facto-e1".png  used on input line 442.
(pdftex.def)             Requested size: 396.75761pt x 281.3308pt.
<"figures/""01-facto-e2".png, id=124, 835.12pt x 897.3525pt>
File: "figures/""01-facto-e2".png Graphic file (type png)
<use "figures/""01-facto-e2".png>
Package pdftex.def Info: "figures/""01-facto-e2".png  used on input line 444.
(pdftex.def)             Requested size: 396.76257pt x 426.32901pt.

Underfull \vbox (badness 10000) has occurred while \output is active []

[11 <./figures/01-facto-e1.png>]
LaTeX Font Info:    Trying to load font information for OT1+lmss on input line 
449.
(/usr/share/texmf-dist/tex/latex/lm/ot1lmss.fd
File: ot1lmss.fd 2009/10/30 v1.6 Font defs for Latin Modern
)
Package microtype Info: Loading generic protrusion settings for font family
(microtype)             `lmss' (encoding: OT1).
(microtype)             For optimal results, create family-specific settings.
(microtype)             See the microtype manual for details.

Underfull \vbox (badness 10000) has occurred while \output is active []

[12 <./figures/01-facto-e2.png>] [13]
<"figures/""01-facto-e3".png, id=145, 715.67375pt x 749.80125pt>
File: "figures/""01-facto-e3".png Graphic file (type png)
<use "figures/""01-facto-e3".png>
Package pdftex.def Info: "figures/""01-facto-e3".png  used on input line 490.
(pdftex.def)             Requested size: 308.5964pt x 323.31209pt.
[14 <./figures/01-facto-e3.png>]
<"figures/""01-facto-e4".png, id=152, 760.8425pt x 514.92375pt>
File: "figures/""01-facto-e4".png Graphic file (type png)
<use "figures/""01-facto-e4".png>
Package pdftex.def Info: "figures/""01-facto-e4".png  used on input line 543.
(pdftex.def)             Requested size: 308.59229pt x 208.8494pt.

Underfull \vbox (badness 10000) has occurred while \output is active []

[15]

LaTeX Warning: Reference `tab:ICtable' on page 16 undefined on input line 547.


Package longtable Warning: Column widths have changed
(longtable)                in table 2.1 on input line 565.


LaTeX Warning: Reference `fig:fig1p5' on page 16 undefined on input line 567.

<"figures/""01-facto-e5".png, id=159, 761.84625pt x 954.56625pt>
File: "figures/""01-facto-e5".png Graphic file (type png)
<use "figures/""01-facto-e5".png>
Package pdftex.def Info: "figures/""01-facto-e5".png  used on input line 571.
(pdftex.def)             Requested size: 242.45892pt x 303.7924pt.
[16 <./figures/01-facto-e4.png>] [17pdfTeX warning (ext4): destination with the
 same identifier (name{figure.2.1}) has been already used, duplicate ignored

\AtBegShi@Output ...ipout \box \AtBeginShipoutBox 
                                                  \fi \fi 
l.588   l
         e diagramme d'boulis: un graphique des valeurs propres ordonnes...
 <./figures/01-facto-e5.png>]

LaTeX Warning: Reference `fig:fig1p7' on page 18 undefined on input line 607.


LaTeX Warning: Reference `fig:fig1p6' on page 18 undefined on input line 607.

<"figures/""01-facto-e7".png, id=170, 920.43875pt x 947.54pt>
File: "figures/""01-facto-e7".png Graphic file (type png)
<use "figures/""01-facto-e7".png>
Package pdftex.def Info: "figures/""01-facto-e7".png  used on input line 611.
(pdftex.def)             Requested size: 286.55496pt x 294.99223pt.
<"figures/""01-facto-e6".png, id=171, 1127.21124pt x 837.1275pt>
File: "figures/""01-facto-e6".png Graphic file (type png)
<use "figures/""01-facto-e6".png>
Package pdftex.def Info: "figures/""01-facto-e6".png  used on input line 620.
(pdftex.def)             Requested size: 286.54927pt x 212.80685pt.
[18] [19pdfTeX warning (ext4): destination with the same identifier (name{figur
e.2.2}) has been already used, duplicate ignored

\AtBegShi@Output ...ipout \box \AtBeginShipoutBox 
                                                  \fi \fi 
l.636 
       <./figures/01-facto-e7.png>] [20pdfTeX warning (ext4): destination with 
the same identifier (name{figure.2.3}) has been already used, duplicate ignored


\AtBegShi@Output ...ipout \box \AtBeginShipoutBox 
                                                  \fi \fi 
l.663 \end{verbatim}
                     <./figures/01-facto-e6.png>]
<"figures/""01-facto-e8".png, id=189, 1164.35pt x 670.505pt>
File: "figures/""01-facto-e8".png Graphic file (type png)
<use "figures/""01-facto-e8".png>
Package pdftex.def Info: "figures/""01-facto-e8".png  used on input line 675.
(pdftex.def)             Requested size: 374.71384pt x 215.78348pt.
<"figures/""01-facto-e9".png, id=190, 694.9965pt x 430.60875pt>
File: "figures/""01-facto-e9".png Graphic file (type png)
<use "figures/""01-facto-e9".png>
Package pdftex.def Info: "figures/""01-facto-e9".png  used on input line 684.
(pdftex.def)             Requested size: 374.73047pt x 232.17702pt.
<"figures/""01-facto-e10".png, id=191, 687.7695pt x 392.06474pt>
File: "figures/""01-facto-e10".png Graphic file (type png)
<use "figures/""01-facto-e10".png>
Package pdftex.def Info: "figures/""01-facto-e10".png  used on input line 693.
(pdftex.def)             Requested size: 374.72725pt x 213.61421pt.
<"figures/""01-facto-e11".png, id=192, 683.55376pt x 139.11975pt>
File: "figures/""01-facto-e11".png Graphic file (type png)
<use "figures/""01-facto-e11".png>
Package pdftex.def Info: "figures/""01-facto-e11".png  used on input line 702.
(pdftex.def)             Requested size: 374.72498pt x 76.2656pt.
[21pdfTeX warning (ext4): destination with the same identifier (name{figure.2.4
}) has been already used, duplicate ignored

\AtBegShi@Output ...ipout \box \AtBeginShipoutBox 
                                                  \fi \fi 
l.722 
       <./figures/01-facto-e8.png>] [22pdfTeX warning (ext4): destination with 
the same identifier (name{figure.2.5}) has been already used, duplicate ignored


\AtBegShi@Output ...ipout \box \AtBeginShipoutBox 
                                                  \fi \fi 
l.722 
      pdfTeX warning (ext4): destination with the same identifier (name{figure.
2.6}) has been already used, duplicate ignored

\AtBegShi@Output ...ipout \box \AtBeginShipoutBox 
                                                  \fi \fi 
l.722 
       <./figures/01-facto-e9.png (PNG copy)> <./figures/01-facto-e10.png (PNG 
copy)>]

LaTeX Warning: Reference `fig:fig1p12' on page 23 undefined on input line 739.

<"figures/""01-facto-e12".png, id=208, 452.892pt x 481.19775pt>
File: "figures/""01-facto-e12".png Graphic file (type png)
<use "figures/""01-facto-e12".png>
Package pdftex.def Info: "figures/""01-facto-e12".png  used on input line 743.
(pdftex.def)             Requested size: 286.55354pt x 304.46315pt.
[23pdfTeX warning (ext4): destination with the same identifier (name{figure.2.7
}) has been already used, duplicate ignored

\AtBegShi@Output ...ipout \box \AtBeginShipoutBox 
                                                  \fi \fi 
l.760 ...es-muxe9thodes-de-rotation-des-facteurs}}
                                                   <./figures/01-facto-e11.png 
(PNG copy)>] [24pdfTeX warning (ext4): destination with the same identifier (na
me{figure.2.8}) has been already used, duplicate ignored

\AtBegShi@Output ...ipout \box \AtBeginShipoutBox 
                                                  \fi \fi 
l.760 ...es-muxe9thodes-de-rotation-des-facteurs}}
                                                   <./figures/01-facto-e12.png 
(PNG copy)>]

LaTeX Warning: Reference `fig:fig1p13' on page 25 undefined on input line 773.


LaTeX Warning: Reference `fig:fig1p14' on page 25 undefined on input line 773.

<"figures/""01-facto-e13".png, id=221, 442.0515pt x 257.16075pt>
File: "figures/""01-facto-e13".png Graphic file (type png)
<use "figures/""01-facto-e13".png>
Package pdftex.def Info: "figures/""01-facto-e13".png  used on input line 777.
(pdftex.def)             Requested size: 308.60428pt x 179.52864pt.
<"figures/""01-facto-e14".png, id=222, 454.69875pt x 503.481pt>
File: "figures/""01-facto-e14".png Graphic file (type png)
<use "figures/""01-facto-e14".png>
Package pdftex.def Info: "figures/""01-facto-e14".png  used on input line 786.
(pdftex.def)             Requested size: 308.59438pt x 341.70186pt.
[25pdfTeX warning (ext4): destination with the same identifier (name{figure.2.9
}) has been already used, duplicate ignored

\AtBegShi@Output ...ipout \box \AtBeginShipoutBox 
                                                  \fi \fi 
l.801   \emph
             {service} = \((X_4+X_8+X_{11})/3\), <./figures/01-facto-e13.png (P
NG copy)>] [26pdfTeX warning (ext4): destination with the same identifier (name
{figure.2.10}) has been already used, duplicate ignored

\AtBegShi@Output ...ipout \box \AtBeginShipoutBox 
                                                  \fi \fi 
l.801   \emph
             {service} = \((X_4+X_8+X_{11})/3\), <./figures/01-facto-e14.png (P
NG copy)>]
LaTeX Font Info:    Font shape `T1/futs/bx/n' in size <7.6> not available
(Font)              Font shape `T1/futs/b/n' tried instead on input line 815.
LaTeX Font Info:    Font shape `T1/futs/bx/n' in size <6> not available
(Font)              Font shape `T1/futs/b/n' tried instead on input line 815.
<"figures/""01-facto-e15".png, id=237, 476.982pt x 519.1395pt>
File: "figures/""01-facto-e15".png Graphic file (type png)
<use "figures/""01-facto-e15".png>
Package pdftex.def Info: "figures/""01-facto-e15".png  used on input line 835.
(pdftex.def)             Requested size: 264.51706pt x 287.8961pt.

LaTeX Warning: Reference `fig:fig1p15' on page 27 undefined on input line 842.


LaTeX Warning: Reference `fig:fig1p16' on page 27 undefined on input line 857.

[27] [28pdfTeX warning (ext4): destination with the same identifier (name{figur
e.2.11}) has been already used, duplicate ignored

\AtBegShi@Output ...ipout \box \AtBeginShipoutBox 
                                                  \fi \fi 
l.858 
       <./figures/01-facto-e15.png (PNG copy)>]
<"figures/""01-facto-e16".png, id=248, 552.26324pt x 231.86626pt>
File: "figures/""01-facto-e16".png Graphic file (type png)
<use "figures/""01-facto-e16".png>
Package pdftex.def Info: "figures/""01-facto-e16".png  used on input line 861.
(pdftex.def)             Requested size: 286.54652pt x 120.30579pt.
[29pdfTeX warning (ext4): destination with the same identifier (name{figure.2.1
2}) has been already used, duplicate ignored

\AtBegShi@Output ...ipout \box \AtBeginShipoutBox 
                                                  \fi \fi 
l.869 ...lection-de-variables-et-de-moduxe8les-1}}
                                                   <./figures/01-facto-e16.png 
(PNG copy)>] [30

]
Chapitre 3.
[31] [32] [33]
<"MATH60602_files/figure-latex/""02-graphedonneestest-1".pdf, id=284, 361.35pt 
x 289.08pt>
File: "MATH60602_files/figure-latex/""02-graphedonneestest-1".pdf Graphic file 
(type pdf)
<use "MATH60602_files/figure-latex/""02-graphedonneestest-1".pdf>
Package pdftex.def Info: "MATH60602_files/figure-latex/""02-graphedonneestest-1
".pdf  used on input line 951.
(pdftex.def)             Requested size: 361.34912pt x 289.07928pt.
[34 <./MATH60602_files/figure-latex/02-graphedonneestest-1.pdf>]
<"MATH60602_files/figure-latex/""02-plotEMQa-1".pdf, id=296, 433.62pt x 289.08p
t>
File: "MATH60602_files/figure-latex/""02-plotEMQa-1".pdf Graphic file (type pdf
)
<use "MATH60602_files/figure-latex/""02-plotEMQa-1".pdf>
Package pdftex.def Info: "MATH60602_files/figure-latex/""02-plotEMQa-1".pdf  us
ed on input line 965.
(pdftex.def)             Requested size: 433.63878pt x 289.09251pt.
[35 <./MATH60602_files/figure-latex/02-plotEMQa-1.pdf>] [36] [37]
<"figures/""02-select-e1".png, id=319, 563.10374pt x 208.98074pt>
File: "figures/""02-select-e1".png Graphic file (type png)
<use "figures/""02-select-e1".png>
Package pdftex.def Info: "figures/""02-select-e1".png  used on input line 1044.

(pdftex.def)             Requested size: 308.59102pt x 114.5252pt.
<"figures/""02-select-e2".png, id=320, 568.524pt x 196.3335pt>
File: "figures/""02-select-e2".png Graphic file (type png)
<use "figures/""02-select-e2".png>
Package pdftex.def Info: "figures/""02-select-e2".png  used on input line 1046.

(pdftex.def)             Requested size: 308.60326pt x 106.57272pt.
[38 <./figures/02-select-e1.png (PNG copy)> <./figures/02-select-e2.png (PNG co
py)>] [39pdfTeX warning (ext4): destination with the same identifier (name{tabl
e.3.1}) has been already used, duplicate ignored

\AtBegShi@Output ...ipout \box \AtBeginShipoutBox 
                                                  \fi \fi 
l.1099 
       ] [40]

LaTeX Warning: Reference `tab:02-table2' on page 41 undefined on input line 114
2.


LaTeX Warning: Reference `tab:02-table1' on page 41 undefined on input line 114
2.

[41pdfTeX warning (ext4): destination with the same identifier (name{table.3.2}
) has been already used, duplicate ignored

\AtBegShi@Output ...ipout \box \AtBeginShipoutBox 
                                                  \fi \fi 
l.1168 
       ]
<"MATH60602_files/figure-latex/""plotcv-1".pdf, id=351, 433.62pt x 289.08pt>
File: "MATH60602_files/figure-latex/""plotcv-1".pdf Graphic file (type pdf)
<use "MATH60602_files/figure-latex/""plotcv-1".pdf>
Package pdftex.def Info: "MATH60602_files/figure-latex/""plotcv-1".pdf  used on
 input line 1169.
(pdftex.def)             Requested size: 433.63878pt x 289.09251pt.
[42 <./MATH60602_files/figure-latex/plotcv-1.pdf>]
<"figures/""02-select-e3".png, id=365, 564.30824pt x 294.50024pt>
File: "figures/""02-select-e3".png Graphic file (type png)
<use "figures/""02-select-e3".png>
Package pdftex.def Info: "figures/""02-select-e3".png  used on input line 1227.

(pdftex.def)             Requested size: 264.51883pt x 138.04665pt.
[43 <./figures/02-select-e3.png (PNG copy)>]
<"figures/""02-select-e4".png, id=371, 688.37175pt x 514.3215pt>
File: "figures/""02-select-e4".png Graphic file (type png)
<use "figures/""02-select-e4".png>
Package pdftex.def Info: "figures/""02-select-e4".png  used on input line 1231.

(pdftex.def)             Requested size: 396.76651pt x 296.44673pt.
<"figures/""02-select-e5".png, id=372, 882.29625pt x 204.16275pt>
File: "figures/""02-select-e5".png Graphic file (type png)
<use "figures/""02-select-e5".png>
Package pdftex.def Info: "figures/""02-select-e5".png  used on input line 1235.

(pdftex.def)             Requested size: 396.76039pt x 91.81007pt.
[44 <./figures/02-select-e4.png (PNG copy)> <./figures/02-select-e5.png (PNG co
py)>]
<"figures/""02-select-e6".png, id=377, 478.1865pt x 541.7841pt>
File: "figures/""02-select-e6".png Graphic file (type png)
<use "figures/""02-select-e6".png>
Package pdftex.def Info: "figures/""02-select-e6".png  used on input line 1239.

(pdftex.def)             Requested size: 396.77794pt x 449.54842pt.
[45 <./figures/02-select-e6.png>]

LaTeX Warning: Reference `(' on page 46 undefined on input line 1273.

[46]

LaTeX Warning: Reference `tab:02-table3' on page 47 undefined on input line 129
9.

[47pdfTeX warning (ext4): destination with the same identifier (name{table.3.4}
) has been already used, duplicate ignored

\AtBegShi@Output ...ipout \box \AtBeginShipoutBox 
                                                  \fi \fi 
l.1328 
       ]
<"figures/""02-select-e7".png, id=400, 678.47507pt x 461.66507pt>
File: "figures/""02-select-e7".png Graphic file (type png)
<use "figures/""02-select-e7".png>
Package pdftex.def Info: "figures/""02-select-e7".png  used on input line 1342.

(pdftex.def)             Requested size: 396.7562pt x 269.97083pt.
[48 <./figures/02-select-e7.png (PNG copy)>]

LaTeX Warning: Reference `tab:02-gmse-base' on page 49 undefined on input line 
1348.


Package longtable Warning: Column widths have changed
(longtable)                in table 3.5 on input line 1364.

[49] [50] [51]
<"figures/""02-select-e8".png, id=428, 774.47552pt x 445.48523pt>
File: "figures/""02-select-e8".png Graphic file (type png)
<use "figures/""02-select-e8".png>
Package pdftex.def Info: "figures/""02-select-e8".png  used on input line 1488.

(pdftex.def)             Requested size: 396.76173pt x 228.22089pt.
<"figures/""02-select-e9".png, id=429, 2296.58pt x 2456.17625pt>
File: "figures/""02-select-e9".png Graphic file (type png)
<use "figures/""02-select-e9".png>
Package pdftex.def Info: "figures/""02-select-e9".png  used on input line 1490.

(pdftex.def)             Requested size: 396.75621pt x 424.328pt.

Underfull \vbox (badness 10000) has occurred while \output is active []

[52 <./figures/02-select-e8.png (PNG copy)>]
<"figures/""02-select-e10".png, id=434, 577.08134pt x 331.14761pt>
File: "figures/""02-select-e10".png Graphic file (type png)
<use "figures/""02-select-e10".png>
Package pdftex.def Info: "figures/""02-select-e10".png  used on input line 1494
.
(pdftex.def)             Requested size: 308.59898pt x 177.0839pt.

Underfull \vbox (badness 10000) has occurred while \output is active []

[53 <./figures/02-select-e9.png>]
<"figures/""02-select-e11".png, id=440, 573.30605pt x 414.20418pt>
File: "figures/""02-select-e11".png Graphic file (type png)
<use "figures/""02-select-e11".png>
Package pdftex.def Info: "figures/""02-select-e11".png  used on input line 1496
.
(pdftex.def)             Requested size: 308.60088pt x 222.95905pt.

LaTeX Warning: Reference `tab:02-comparaisonseqclas' on page 54 undefined on in
put line 1498.


Package longtable Warning: Column widths have changed
(longtable)                in table 3.6 on input line 1513.

[54 <./figures/02-select-e10.png (PNG copy)> <./figures/02-select-e11.png (PNG 
copy)>]

LaTeX Warning: Reference `tab:02-comparaisonseqexha' on page 55 undefined on in
put line 1530.

[55]
<"figures/""02-select-e12".png, id=454, 1505.625pt x 3155.79pt>
File: "figures/""02-select-e12".png Graphic file (type png)
<use "figures/""02-select-e12".png>
Package pdftex.def Info: "figures/""02-select-e12".png  used on input line 1588
.
(pdftex.def)             Requested size: 265.48706pt x 556.46088pt.

Underfull \vbox (badness 10000) has occurred while \output is active []

[56]
<"figures/""02-select-e13".png, id=461, 1478.52374pt x 816.04875pt>
File: "figures/""02-select-e13".png Graphic file (type png)
<use "figures/""02-select-e13".png>
Package pdftex.def Info: "figures/""02-select-e13".png  used on input line 1590
.
(pdftex.def)             Requested size: 308.58151pt x 170.31688pt.

Underfull \vbox (badness 10000) has occurred while \output is active []

[57 <./figures/02-select-e12.png>]
<"figures/""02-select-e14".png, id=467, 518.29456pt x 210.8774pt>
File: "figures/""02-select-e14".png Graphic file (type png)
<use "figures/""02-select-e14".png>
Package pdftex.def Info: "figures/""02-select-e14".png  used on input line 1596
.
(pdftex.def)             Requested size: 286.54968pt x 116.58784pt.
<"figures/""02-select-e15".png, id=468, 542.56433pt x 389.39508pt>
File: "figures/""02-select-e15".png Graphic file (type png)
<use "figures/""02-select-e15".png>
Package pdftex.def Info: "figures/""02-select-e15".png  used on input line 1598
.
(pdftex.def)             Requested size: 308.58601pt x 221.47028pt.

Underfull \vbox (badness 10000) has occurred while \output is active []

[58 <./figures/02-select-e13.png> <./figures/02-select-e14.png (PNG copy)>] [59
 <./figures/02-select-e15.png (PNG copy)>]
<"figures/""02-select-e16".png, id=480, 2131.965pt x 1983.41pt>
File: "figures/""02-select-e16".png Graphic file (type png)
<use "figures/""02-select-e16".png>
Package pdftex.def Info: "figures/""02-select-e16".png  used on input line 1640
.
(pdftex.def)             Requested size: 396.74959pt x 369.10414pt.

Underfull \vbox (badness 10000) has occurred while \output is active []

[60]

LaTeX Warning: Reference `tab:02-modelcomparaisonfull' on page 61 undefined on 
input line 1644.

[61 <./figures/02-select-e16.png>] [62]
Chapitre 4.
[63

]
<"MATH60602_files/figure-latex/""logitplot-1".pdf, id=511, 469.755pt x 325.215p
t>
File: "MATH60602_files/figure-latex/""logitplot-1".pdf Graphic file (type pdf)
<use "MATH60602_files/figure-latex/""logitplot-1".pdf>
Package pdftex.def Info: "MATH60602_files/figure-latex/""logitplot-1".pdf  used
 on input line 1832.
(pdftex.def)             Requested size: 440.84581pt x 305.20094pt.

Underfull \vbox (badness 10000) has occurred while \output is active []

[64]

LaTeX Warning: Reference `tab:03-cotes' on page 65 undefined on input line 1839
.


Overfull \hbox (9.70128pt too wide) in paragraph at lines 1845--1846
 []$\OT1/lmss/m/n/10 (-20) P []$|
 []


Overfull \hbox (11.01971pt too wide) in alignment at lines 1841--1866
 [] [] [] [] [] [] [] [] [] [] 
 []


Overfull \hbox (9.70128pt too wide) in paragraph at lines 1869--1870
 []$\OT1/lmss/m/n/10 (-20) P []$|
 []


Overfull \hbox (11.01971pt too wide) in alignment at lines 1866--1890
 [] [] [] [] [] [] [] [] [] [] 
 []


Overfull \hbox (11.01971pt too wide) in alignment at lines 1890--1934
 [] [] [] [] [] [] [] [] [] [] 
 []


Underfull \vbox (badness 10000) has occurred while \output is active []

[65 <./MATH60602_files/figure-latex/logitplot-1.pdf>] [66]
LaTeX Font Info:    Font shape `T1/futs/bx/it' in size <14.4> not available
(Font)              Font shape `T1/futs/b/it' tried instead on input line 2007.

[67]
LaTeX Font Info:    Trying to load font information for TS1+lmtt on input line 
2110.
(/usr/share/texmf-dist/tex/latex/lm/ts1lmtt.fd
File: ts1lmtt.fd 2009/10/30 v1.6 Font defs for Latin Modern
) [68]
<"figures/""03-logistic-e1".png, id=553, 508.90125pt x 216.81pt>
File: "figures/""03-logistic-e1".png Graphic file (type png)
<use "figures/""03-logistic-e1".png>
Package pdftex.def Info: "figures/""03-logistic-e1".png  used on input line 211
4.
(pdftex.def)             Requested size: 277.74559pt x 118.32947pt.
<"figures/""03-logistic-e2".png, id=554, 618.51076pt x 460.72125pt>
File: "figures/""03-logistic-e2".png Graphic file (type png)
<use "figures/""03-logistic-e2".png>
Package pdftex.def Info: "figures/""03-logistic-e2".png  used on input line 211
6.
(pdftex.def)             Requested size: 352.67747pt x 262.70523pt.
<"figures/""03-logistic-e3".png, id=555, 629.9535pt x 168.02776pt>
File: "figures/""03-logistic-e3".png Graphic file (type png)
<use "figures/""03-logistic-e3".png>
Package pdftex.def Info: "figures/""03-logistic-e3".png  used on input line 211
8.
(pdftex.def)             Requested size: 352.68504pt x 94.07182pt.
<"figures/""03-logistic-e4".png, id=556, 573.342pt x 325.81725pt>
File: "figures/""03-logistic-e4".png Graphic file (type png)
<use "figures/""03-logistic-e4".png>
Package pdftex.def Info: "figures/""03-logistic-e4".png  used on input line 212
0.
(pdftex.def)             Requested size: 352.69508pt x 200.4286pt.

Underfull \vbox (badness 5431) has occurred while \output is active []

[69 <./figures/03-logistic-e1.png (PNG copy)> <./figures/03-logistic-e2.png (PN
G copy)> <./figures/03-logistic-e3.png (PNG copy)>]
<"MATH60602_files/figure-latex/""logitplot2-1".pdf, id=561, 469.755pt x 325.215
pt>
File: "MATH60602_files/figure-latex/""logitplot2-1".pdf Graphic file (type pdf)

<use "MATH60602_files/figure-latex/""logitplot2-1".pdf>
Package pdftex.def Info: "MATH60602_files/figure-latex/""logitplot2-1".pdf  use
d on input line 2138.
(pdftex.def)             Requested size: 440.84581pt x 305.20094pt.

Underfull \vbox (badness 10000) has occurred while \output is active []

[70 <./figures/03-logistic-e4.png (PNG copy)>] [71 <./MATH60602_files/figure-la
tex/logitplot2-1.pdf>] [72]
<"figures/""03-logistic-e9".png, id=584, 390.86024pt x 291.489pt>
File: "figures/""03-logistic-e9".png Graphic file (type png)
<use "figures/""03-logistic-e9".png>
Package pdftex.def Info: "figures/""03-logistic-e9".png  used on input line 218
5.
(pdftex.def)             Requested size: 330.64633pt x 246.58371pt.
<"figures/""03-logistic-e5".png, id=585, 536.0025pt x 243.309pt>
File: "figures/""03-logistic-e5".png Graphic file (type png)
<use "figures/""03-logistic-e5".png>
Package pdftex.def Info: "figures/""03-logistic-e5".png  used on input line 218
9.
(pdftex.def)             Requested size: 286.54176pt x 130.07065pt.
<"figures/""03-logistic-e6".png, id=586, 645.612pt x 297.5115pt>
File: "figures/""03-logistic-e6".png Graphic file (type png)
<use "figures/""03-logistic-e6".png>
Package pdftex.def Info: "figures/""03-logistic-e6".png  used on input line 219
1.
(pdftex.def)             Requested size: 330.63693pt x 152.36441pt.

Underfull \vbox (badness 10000) has occurred while \output is active []

[73 <./figures/03-logistic-e9.png (PNG copy)> <./figures/03-logistic-e5.png (PN
G copy)>]
<"figures/""03-logistic-e7".png, id=592, 672.111pt x 455.90324pt>
File: "figures/""03-logistic-e7".png Graphic file (type png)
<use "figures/""03-logistic-e7".png>
Package pdftex.def Info: "figures/""03-logistic-e7".png  used on input line 219
3.
(pdftex.def)             Requested size: 396.76767pt x 269.13362pt.
<"figures/""03-logistic-e8".png, id=593, 796.1745pt x 405.9165pt>
File: "figures/""03-logistic-e8".png Graphic file (type png)
<use "figures/""03-logistic-e8".png>
Package pdftex.def Info: "figures/""03-logistic-e8".png  used on input line 219
5.
(pdftex.def)             Requested size: 440.84944pt x 224.75986pt.

Underfull \vbox (badness 10000) has occurred while \output is active []

[74 <./figures/03-logistic-e6.png (PNG copy)> <./figures/03-logistic-e7.png (PN
G copy)>] [75 <./figures/03-logistic-e8.png (PNG copy)>] [76] [77] [78]
<"MATH60602_files/figure-latex/""classification-1".pdf, id=620, 469.755pt x 325
.215pt>
File: "MATH60602_files/figure-latex/""classification-1".pdf Graphic file (type 
pdf)
<use "MATH60602_files/figure-latex/""classification-1".pdf>
Package pdftex.def Info: "MATH60602_files/figure-latex/""classification-1".pdf 
 used on input line 2354.
(pdftex.def)             Requested size: 440.84581pt x 305.20094pt.

Underfull \vbox (badness 10000) has occurred while \output is active []

[79] [80 <./MATH60602_files/figure-latex/classification-1.pdf>] [81] [82] [83] 
[84] [85] [86] [87] [88] [89] [90] [91] [92] [93] [94] [95] [96]
<"figures/""03-logistic-e11".png, id=702, 531.1845pt x 533.5935pt>
File: "figures/""03-logistic-e11".png Graphic file (type png)
<use "figures/""03-logistic-e11".png>
Package pdftex.def Info: "figures/""03-logistic-e11".png  used on input line 34
06.
(pdftex.def)             Requested size: 352.69019pt x 354.2897pt.
[97pdfTeX warning (ext4): destination with the same identifier (name{table.4.2}
) has been already used, duplicate ignored

\AtBegShi@Output ...ipout \box \AtBeginShipoutBox 
                                                  \fi \fi 
l.3406 ...h]{figures/03-logistic-e11} \end{center}
                                                  ] [98 <./figures/03-logistic-
e11.png (PNG copy)>]
<"figures/""03-logistic-e15".png, id=713, 517.33275pt x 516.12825pt>
File: "figures/""03-logistic-e15".png Graphic file (type png)
<use "figures/""03-logistic-e15".png>
Package pdftex.def Info: "figures/""03-logistic-e15".png  used on input line 34
29.
(pdftex.def)             Requested size: 352.6894pt x 351.86824pt.
[99 <./figures/03-logistic-e15.png (PNG copy)>]
<"figures/""03-logistic-e16".png, id=718, 816.04875pt x 507.0945pt>
File: "figures/""03-logistic-e16".png Graphic file (type png)
<use "figures/""03-logistic-e16".png>
Package pdftex.def Info: "figures/""03-logistic-e16".png  used on input line 34
46.
(pdftex.def)             Requested size: 352.67474pt x 219.15286pt.
<"figures/""03-logistic-e17".png, id=719, 690.78075pt x 516.7305pt>
File: "figures/""03-logistic-e17".png Graphic file (type png)
<use "figures/""03-logistic-e17".png>
Package pdftex.def Info: "figures/""03-logistic-e17".png  used on input line 34
52.
(pdftex.def)             Requested size: 352.69405pt x 263.82867pt.

Underfull \vbox (badness 10000) has occurred while \output is active []

[100 <./figures/03-logistic-e16.png (PNG copy)>]

! LaTeX Error: \caption outside float.

See the LaTeX manual or LaTeX Companion for explanation.
Type  H <return>  for immediate help.
 ...                                              
                                                  
l.3456 \caption
               {Taux de classement en fonction du lift} 
Here is how much of TeX's memory you used:
 17544 strings out of 492167
 250935 string characters out of 6131559
 372665 words of memory out of 5000000
 20950 multiletter control sequences out of 15000+600000
 173450 words of font info for 382 fonts, out of 8000000 for 9000
 1141 hyphenation exceptions out of 8191
 39i,17n,43p,1413b,584s stack positions out of 5000i,500n,10000p,200000b,80000s

!  ==> Fatal error occurred, no output PDF file produced!
